2023-05-17 19:11:11.424 [main] WARN  o.s.b.w.s.c.AnnotationConfigServletWebServerApplicationContext - Exception encountered during context initialization - cancelling refresh attempt: org.springframework.context.ApplicationContextException: Failed to start bean 'org.springframework.jms.config.internalJmsListenerEndpointRegistry'; nested exception is org.springframework.jms.UncategorizedJmsException: Uncategorized exception occurred during JMS processing; nested exception is javax.jms.JMSException: Could not connect to broker URL: tcp://192.168.1.15:61616. Reason: java.net.ConnectException: Connection timed out: connect
2023-05-17 19:11:13.840 [main] WARN  org.apache.catalina.loader.WebappClassLoaderBase - The web application [ROOT] is still processing a request that has yet to finish. This is very likely to create a memory leak. You can control the time allowed for requests to finish by using the unloadDelay attribute of the standard Context implementation. Stack trace of request processing thread:[
 java.net.DualStackPlainSocketImpl.waitForConnect(Native Method)
 java.net.DualStackPlainSocketImpl.socketConnect(DualStackPlainSocketImpl.java:85)
 java.net.AbstractPlainSocketImpl.doConnect(AbstractPlainSocketImpl.java:350)
 java.net.AbstractPlainSocketImpl.connectToAddress(AbstractPlainSocketImpl.java:206)
 java.net.AbstractPlainSocketImpl.connect(AbstractPlainSocketImpl.java:188)
 java.net.PlainSocketImpl.connect(PlainSocketImpl.java:172)
 java.net.SocksSocketImpl.connect(SocksSocketImpl.java:392)
 java.net.Socket.connect(Socket.java:589)
 org.apache.activemq.transport.tcp.TcpTransport.connect(TcpTransport.java:525)
 org.apache.activemq.transport.tcp.TcpTransport.doStart(TcpTransport.java:488)
 org.apache.activemq.util.ServiceSupport.start(ServiceSupport.java:55)
 org.apache.activemq.transport.AbstractInactivityMonitor.start(AbstractInactivityMonitor.java:169)
 org.apache.activemq.transport.InactivityMonitor.start(InactivityMonitor.java:52)
 org.apache.activemq.transport.TransportFilter.start(TransportFilter.java:64)
 org.apache.activemq.transport.WireFormatNegotiator.start(WireFormatNegotiator.java:72)
 org.apache.activemq.transport.TransportFilter.start(TransportFilter.java:64)
 org.apache.activemq.transport.TransportFilter.start(TransportFilter.java:64)
 org.apache.activemq.ActiveMQConnectionFactory.createActiveMQConnection(ActiveMQConnectionFactory.java:354)
 org.apache.activemq.ActiveMQConnectionFactory.createActiveMQConnection(ActiveMQConnectionFactory.java:304)
 org.apache.activemq.ActiveMQConnectionFactory.createConnection(ActiveMQConnectionFactory.java:244)
 org.springframework.jms.support.JmsAccessor.createConnection(JmsAccessor.java:197)
 org.springframework.jms.core.JmsTemplate.execute(JmsTemplate.java:494)
 org.springframework.jms.core.JmsTemplate.send(JmsTemplate.java:576)
 org.springframework.jms.core.JmsMessagingTemplate.doSend(JmsMessagingTemplate.java:356)
 org.springframework.jms.core.JmsMessagingTemplate.doSend(JmsMessagingTemplate.java:48)
 org.springframework.messaging.core.AbstractMessageSendingTemplate.send(AbstractMessageSendingTemplate.java:109)
 org.springframework.messaging.core.AbstractMessageSendingTemplate.convertAndSend(AbstractMessageSendingTemplate.java:151)
 org.springframework.messaging.core.AbstractMessageSendingTemplate.convertAndSend(AbstractMessageSendingTemplate.java:129)
 org.springframework.messaging.core.AbstractMessageSendingTemplate.convertAndSend(AbstractMessageSendingTemplate.java:122)
 com.example.mq.ProducerController.sendMessage(ProducerController.java:63)
 com.example.mq.ProducerController.sendQueue(ProducerController.java:40)
 sun.reflect.NativeMethodAccessorImpl.invoke0(Native Method)
 sun.reflect.NativeMethodAccessorImpl.invoke(NativeMethodAccessorImpl.java:62)
 sun.reflect.DelegatingMethodAccessorImpl.invoke(DelegatingMethodAccessorImpl.java:43)
 java.lang.reflect.Method.invoke(Method.java:498)
 org.springframework.web.method.support.InvocableHandlerMethod.doInvoke(InvocableHandlerMethod.java:205)
 org.springframework.web.method.support.InvocableHandlerMethod.invokeForRequest(InvocableHandlerMethod.java:150)
 org.springframework.web.servlet.mvc.method.annotation.ServletInvocableHandlerMethod.invokeAndHandle(ServletInvocableHandlerMethod.java:117)
 org.springframework.web.servlet.mvc.method.annotation.RequestMappingHandlerAdapter.invokeHandlerMethod(RequestMappingHandlerAdapter.java:895)
 org.springframework.web.servlet.mvc.method.annotation.RequestMappingHandlerAdapter.handleInternal(RequestMappingHandlerAdapter.java:808)
 org.springframework.web.servlet.mvc.method.AbstractHandlerMethodAdapter.handle(AbstractHandlerMethodAdapter.java:87)
 org.springframework.web.servlet.DispatcherServlet.doDispatch(DispatcherServlet.java:1072)
 org.springframework.web.servlet.DispatcherServlet.doService(DispatcherServlet.java:965)
 org.springframework.web.servlet.FrameworkServlet.processRequest(FrameworkServlet.java:1006)
 org.springframework.web.servlet.FrameworkServlet.doPost(FrameworkServlet.java:909)
 javax.servlet.http.HttpServlet.service(HttpServlet.java:528)
 org.springframework.web.servlet.FrameworkServlet.service(FrameworkServlet.java:883)
 javax.servlet.http.HttpServlet.service(HttpServlet.java:596)
 org.apache.catalina.core.ApplicationFilterChain.internalDoFilter(ApplicationFilterChain.java:209)
 org.apache.catalina.core.ApplicationFilterChain.doFilter(ApplicationFilterChain.java:153)
 org.apache.tomcat.websocket.server.WsFilter.doFilter(WsFilter.java:53)
 org.apache.catalina.core.ApplicationFilterChain.internalDoFilter(ApplicationFilterChain.java:178)
 org.apache.catalina.core.ApplicationFilterChain.doFilter(ApplicationFilterChain.java:153)
 org.springframework.web.filter.RequestContextFilter.doFilterInternal(RequestContextFilter.java:100)
 org.springframework.web.filter.OncePerRequestFilter.doFilter(OncePerRequestFilter.java:117)
 org.apache.catalina.core.ApplicationFilterChain.internalDoFilter(ApplicationFilterChain.java:178)
 org.apache.catalina.core.ApplicationFilterChain.doFilter(ApplicationFilterChain.java:153)
 org.springframework.web.filter.FormContentFilter.doFilterInternal(FormContentFilter.java:93)
 org.springframework.web.filter.OncePerRequestFilter.doFilter(OncePerRequestFilter.java:117)
 org.apache.catalina.core.ApplicationFilterChain.internalDoFilter(ApplicationFilterChain.java:178)
 org.apache.catalina.core.ApplicationFilterChain.doFilter(ApplicationFilterChain.java:153)
 org.springframework.web.filter.CharacterEncodingFilter.doFilterInternal(CharacterEncodingFilter.java:201)
 org.springframework.web.filter.OncePerRequestFilter.doFilter(OncePerRequestFilter.java:117)
 org.apache.catalina.core.ApplicationFilterChain.internalDoFilter(ApplicationFilterChain.java:178)
 org.apache.catalina.core.ApplicationFilterChain.doFilter(ApplicationFilterChain.java:153)
 org.apache.catalina.core.StandardWrapperValve.invoke(StandardWrapperValve.java:167)
 org.apache.catalina.core.StandardContextValve.invoke(StandardContextValve.java:90)
 org.apache.catalina.authenticator.AuthenticatorBase.invoke(AuthenticatorBase.java:492)
 org.apache.catalina.core.StandardHostValve.invoke(StandardHostValve.java:130)
 org.apache.catalina.valves.ErrorReportValve.invoke(ErrorReportValve.java:93)
 org.apache.catalina.core.StandardEngineValve.invoke(StandardEngineValve.java:74)
 org.apache.catalina.connector.CoyoteAdapter.service(CoyoteAdapter.java:343)
 org.apache.coyote.http11.Http11Processor.service(Http11Processor.java:389)
 org.apache.coyote.AbstractProcessorLight.process(AbstractProcessorLight.java:63)
 org.apache.coyote.AbstractProtocol$ConnectionHandler.process(AbstractProtocol.java:926)
 org.apache.tomcat.util.net.NioEndpoint$SocketProcessor.doRun(NioEndpoint.java:1791)
 org.apache.tomcat.util.net.SocketProcessorBase.run(SocketProcessorBase.java:49)
 org.apache.tomcat.util.threads.ThreadPoolExecutor.runWorker(ThreadPoolExecutor.java:1191)
 org.apache.tomcat.util.threads.ThreadPoolExecutor$Worker.run(ThreadPoolExecutor.java:659)
 org.apache.tomcat.util.threads.TaskThread$WrappingRunnable.run(TaskThread.java:61)
 java.lang.Thread.run(Thread.java:748)]
2023-05-17 20:39:09.051 [main] WARN  o.s.b.w.s.c.AnnotationConfigServletWebServerApplicationContext - Exception encountered during context initialization - cancelling refresh attempt: org.springframework.context.ApplicationContextException: Failed to start bean 'org.springframework.jms.config.internalJmsListenerEndpointRegistry'; nested exception is org.springframework.jms.InvalidClientIDException: Broker: localhost - Client: topic_client1 already connected from tcp://192.168.1.8:61923; nested exception is javax.jms.InvalidClientIDException: Broker: localhost - Client: topic_client1 already connected from tcp://192.168.1.8:61923
2023-05-17 20:40:08.008 [main] WARN  o.s.b.w.s.c.AnnotationConfigServletWebServerApplicationContext - Exception encountered during context initialization - cancelling refresh attempt: org.springframework.context.ApplicationContextException: Failed to start bean 'org.springframework.jms.config.internalJmsListenerEndpointRegistry'; nested exception is org.springframework.jms.InvalidClientIDException: Broker: localhost - Client: topic_client5959932 already connected from tcp://192.168.1.8:61972; nested exception is javax.jms.InvalidClientIDException: Broker: localhost - Client: topic_client5959932 already connected from tcp://192.168.1.8:61972
2023-05-17 20:41:36.662 [main] WARN  o.s.b.w.s.c.AnnotationConfigServletWebServerApplicationContext - Exception encountered during context initialization - cancelling refresh attempt: org.springframework.context.ApplicationContextException: Failed to start bean 'org.springframework.jms.config.internalJmsListenerEndpointRegistry'; nested exception is org.springframework.jms.InvalidClientIDException: Broker: localhost - Client: topic_client5959932 already connected from tcp://192.168.1.8:62031; nested exception is javax.jms.InvalidClientIDException: Broker: localhost - Client: topic_client5959932 already connected from tcp://192.168.1.8:62031
2023-05-17 20:42:34.861 [main] WARN  o.s.b.w.s.c.AnnotationConfigServletWebServerApplicationContext - Exception encountered during context initialization - cancelling refresh attempt: org.springframework.context.ApplicationContextException: Failed to start bean 'org.springframework.jms.config.internalJmsListenerEndpointRegistry'; nested exception is org.springframework.jms.InvalidClientIDException: Broker: localhost - Client: topic_client5959932 already connected from tcp://192.168.1.8:62065; nested exception is javax.jms.InvalidClientIDException: Broker: localhost - Client: topic_client5959932 already connected from tcp://192.168.1.8:62065
2023-05-17 20:43:52.543 [main] WARN  o.s.b.w.s.c.AnnotationConfigServletWebServerApplicationContext - Exception encountered during context initialization - cancelling refresh attempt: org.springframework.beans.factory.BeanInitializationException: Failed to initialize message listener container; nested exception is org.springframework.jms.UncategorizedJmsException: Uncategorized exception occurred during JMS processing; nested exception is javax.jms.JMSException: You cannot create a durable subscriber without specifying a unique clientID on a Connection
2023-05-17 20:44:38.002 [main] WARN  o.s.b.w.s.c.AnnotationConfigServletWebServerApplicationContext - Exception encountered during context initialization - cancelling refresh attempt: org.springframework.context.ApplicationContextException: Failed to start bean 'org.springframework.jms.config.internalJmsListenerEndpointRegistry'; nested exception is org.springframework.jms.InvalidClientIDException: Broker: localhost - Client: dingli already connected from tcp://192.168.1.8:62151; nested exception is javax.jms.InvalidClientIDException: Broker: localhost - Client: dingli already connected from tcp://192.168.1.8:62151
2023-05-17 20:46:13.421 [main] WARN  o.s.b.w.s.c.AnnotationConfigServletWebServerApplicationContext - Exception encountered during context initialization - cancelling refresh attempt: org.springframework.context.ApplicationContextException: Failed to start bean 'org.springframework.jms.config.internalJmsListenerEndpointRegistry'; nested exception is org.springframework.jms.InvalidClientIDException: Broker: localhost - Client: dingli already connected from tcp://192.168.1.8:62212; nested exception is javax.jms.InvalidClientIDException: Broker: localhost - Client: dingli already connected from tcp://192.168.1.8:62212
2023-05-17 20:48:11.935 [main] WARN  o.s.b.w.s.c.AnnotationConfigServletWebServerApplicationContext - Exception encountered during context initialization - cancelling refresh attempt: org.springframework.context.ApplicationContextException: Failed to start bean 'org.springframework.jms.config.internalJmsListenerEndpointRegistry'; nested exception is org.springframework.jms.InvalidClientIDException: Broker: localhost - Client: dingli already connected from tcp://192.168.1.8:62304; nested exception is javax.jms.InvalidClientIDException: Broker: localhost - Client: dingli already connected from tcp://192.168.1.8:62304
2023-05-17 20:53:45.159 [main] WARN  o.s.b.w.s.c.AnnotationConfigServletWebServerApplicationContext - Exception encountered during context initialization - cancelling refresh attempt: org.springframework.beans.factory.BeanInitializationException: Failed to initialize message listener container; nested exception is org.springframework.jms.UncategorizedJmsException: Uncategorized exception occurred during JMS processing; nested exception is javax.jms.JMSException: You cannot create a durable subscriber without specifying a unique clientID on a Connection
2023-05-17 20:55:54.735 [main] WARN  o.s.b.w.s.c.AnnotationConfigServletWebServerApplicationContext - Exception encountered during context initialization - cancelling refresh attempt: org.springframework.context.ApplicationContextException: Failed to start bean 'org.springframework.jms.config.internalJmsListenerEndpointRegistry'; nested exception is org.springframework.jms.InvalidClientIDException: Broker: localhost - Client: A already connected from tcp://192.168.1.8:63096; nested exception is javax.jms.InvalidClientIDException: Broker: localhost - Client: A already connected from tcp://192.168.1.8:63096
