2023-05-17 19:11:16.574 [http-nio-8080-exec-1] ERROR o.a.c.c.C.[.[localhost].[/].[dispatcherServlet] - Servlet.service() for servlet [dispatcherServlet] in context with path [] threw exception [Request processing failed; nested exception is org.springframework.messaging.MessagingException: Uncategorized exception occurred during JMS processing; nested exception is javax.jms.JMSException: Could not connect to broker URL: tcp://192.168.1.15:61616. Reason: java.net.ConnectException: Connection timed out: connect; nested exception is org.springframework.jms.UncategorizedJmsException: Uncategorized exception occurred during JMS processing; nested exception is javax.jms.JMSException: Could not connect to broker URL: tcp://192.168.1.15:61616. Reason: java.net.ConnectException: Connection timed out: connect] with root cause
java.net.ConnectException: Connection timed out: connect
	at java.net.DualStackPlainSocketImpl.waitForConnect(Native Method)
	at java.net.DualStackPlainSocketImpl.socketConnect(DualStackPlainSocketImpl.java:85)
	at java.net.AbstractPlainSocketImpl.doConnect(AbstractPlainSocketImpl.java:350)
	at java.net.AbstractPlainSocketImpl.connectToAddress(AbstractPlainSocketImpl.java:206)
	at java.net.AbstractPlainSocketImpl.connect(AbstractPlainSocketImpl.java:188)
	at java.net.PlainSocketImpl.connect(PlainSocketImpl.java:172)
	at java.net.SocksSocketImpl.connect(SocksSocketImpl.java:392)
	at java.net.Socket.connect(Socket.java:589)
	at org.apache.activemq.transport.tcp.TcpTransport.connect(TcpTransport.java:525)
	at org.apache.activemq.transport.tcp.TcpTransport.doStart(TcpTransport.java:488)
	at org.apache.activemq.util.ServiceSupport.start(ServiceSupport.java:55)
	at org.apache.activemq.transport.AbstractInactivityMonitor.start(AbstractInactivityMonitor.java:169)
	at org.apache.activemq.transport.InactivityMonitor.start(InactivityMonitor.java:52)
	at org.apache.activemq.transport.TransportFilter.start(TransportFilter.java:64)
	at org.apache.activemq.transport.WireFormatNegotiator.start(WireFormatNegotiator.java:72)
	at org.apache.activemq.transport.TransportFilter.start(TransportFilter.java:64)
	at org.apache.activemq.transport.TransportFilter.start(TransportFilter.java:64)
	at org.apache.activemq.ActiveMQConnectionFactory.createActiveMQConnection(ActiveMQConnectionFactory.java:354)
	at org.apache.activemq.ActiveMQConnectionFactory.createActiveMQConnection(ActiveMQConnectionFactory.java:304)
	at org.apache.activemq.ActiveMQConnectionFactory.createConnection(ActiveMQConnectionFactory.java:244)
	at org.springframework.jms.support.JmsAccessor.createConnection(JmsAccessor.java:197)
	at org.springframework.jms.core.JmsTemplate.execute(JmsTemplate.java:494)
	at org.springframework.jms.core.JmsTemplate.send(JmsTemplate.java:576)
	at org.springframework.jms.core.JmsMessagingTemplate.doSend(JmsMessagingTemplate.java:356)
	at org.springframework.jms.core.JmsMessagingTemplate.doSend(JmsMessagingTemplate.java:48)
	at org.springframework.messaging.core.AbstractMessageSendingTemplate.send(AbstractMessageSendingTemplate.java:109)
	at org.springframework.messaging.core.AbstractMessageSendingTemplate.convertAndSend(AbstractMessageSendingTemplate.java:151)
	at org.springframework.messaging.core.AbstractMessageSendingTemplate.convertAndSend(AbstractMessageSendingTemplate.java:129)
	at org.springframework.messaging.core.AbstractMessageSendingTemplate.convertAndSend(AbstractMessageSendingTemplate.java:122)
	at com.example.mq.ProducerController.sendMessage(ProducerController.java:63)
	at com.example.mq.ProducerController.sendQueue(ProducerController.java:40)
	at sun.reflect.NativeMethodAccessorImpl.invoke0(Native Method)
	at sun.reflect.NativeMethodAccessorImpl.invoke(NativeMethodAccessorImpl.java:62)
	at sun.reflect.DelegatingMethodAccessorImpl.invoke(DelegatingMethodAccessorImpl.java:43)
	at java.lang.reflect.Method.invoke(Method.java:498)
	at org.springframework.web.method.support.InvocableHandlerMethod.doInvoke(InvocableHandlerMethod.java:205)
	at org.springframework.web.method.support.InvocableHandlerMethod.invokeForRequest(InvocableHandlerMethod.java:150)
	at org.springframework.web.servlet.mvc.method.annotation.ServletInvocableHandlerMethod.invokeAndHandle(ServletInvocableHandlerMethod.java:117)
	at org.springframework.web.servlet.mvc.method.annotation.RequestMappingHandlerAdapter.invokeHandlerMethod(RequestMappingHandlerAdapter.java:895)
	at org.springframework.web.servlet.mvc.method.annotation.RequestMappingHandlerAdapter.handleInternal(RequestMappingHandlerAdapter.java:808)
	at org.springframework.web.servlet.mvc.method.AbstractHandlerMethodAdapter.handle(AbstractHandlerMethodAdapter.java:87)
	at org.springframework.web.servlet.DispatcherServlet.doDispatch(DispatcherServlet.java:1072)
	at org.springframework.web.servlet.DispatcherServlet.doService(DispatcherServlet.java:965)
	at org.springframework.web.servlet.FrameworkServlet.processRequest(FrameworkServlet.java:1006)
	at org.springframework.web.servlet.FrameworkServlet.doPost(FrameworkServlet.java:909)
	at javax.servlet.http.HttpServlet.service(HttpServlet.java:528)
	at org.springframework.web.servlet.FrameworkServlet.service(FrameworkServlet.java:883)
	at javax.servlet.http.HttpServlet.service(HttpServlet.java:596)
	at org.apache.catalina.core.ApplicationFilterChain.internalDoFilter(ApplicationFilterChain.java:209)
	at org.apache.catalina.core.ApplicationFilterChain.doFilter(ApplicationFilterChain.java:153)
	at org.apache.tomcat.websocket.server.WsFilter.doFilter(WsFilter.java:53)
	at org.apache.catalina.core.ApplicationFilterChain.internalDoFilter(ApplicationFilterChain.java:178)
	at org.apache.catalina.core.ApplicationFilterChain.doFilter(ApplicationFilterChain.java:153)
	at org.springframework.web.filter.RequestContextFilter.doFilterInternal(RequestContextFilter.java:100)
	at org.springframework.web.filter.OncePerRequestFilter.doFilter(OncePerRequestFilter.java:117)
	at org.apache.catalina.core.ApplicationFilterChain.internalDoFilter(ApplicationFilterChain.java:178)
	at org.apache.catalina.core.ApplicationFilterChain.doFilter(ApplicationFilterChain.java:153)
	at org.springframework.web.filter.FormContentFilter.doFilterInternal(FormContentFilter.java:93)
	at org.springframework.web.filter.OncePerRequestFilter.doFilter(OncePerRequestFilter.java:117)
	at org.apache.catalina.core.ApplicationFilterChain.internalDoFilter(ApplicationFilterChain.java:178)
	at org.apache.catalina.core.ApplicationFilterChain.doFilter(ApplicationFilterChain.java:153)
	at org.springframework.web.filter.CharacterEncodingFilter.doFilterInternal(CharacterEncodingFilter.java:201)
	at org.springframework.web.filter.OncePerRequestFilter.doFilter(OncePerRequestFilter.java:117)
	at org.apache.catalina.core.ApplicationFilterChain.internalDoFilter(ApplicationFilterChain.java:178)
	at org.apache.catalina.core.ApplicationFilterChain.doFilter(ApplicationFilterChain.java:153)
	at org.apache.catalina.core.StandardWrapperValve.invoke(StandardWrapperValve.java:167)
	at org.apache.catalina.core.StandardContextValve.invoke(StandardContextValve.java:90)
	at org.apache.catalina.authenticator.AuthenticatorBase.invoke(AuthenticatorBase.java:492)
	at org.apache.catalina.core.StandardHostValve.invoke(StandardHostValve.java:130)
	at org.apache.catalina.valves.ErrorReportValve.invoke(ErrorReportValve.java:93)
	at org.apache.catalina.core.StandardEngineValve.invoke(StandardEngineValve.java:74)
	at org.apache.catalina.connector.CoyoteAdapter.service(CoyoteAdapter.java:343)
	at org.apache.coyote.http11.Http11Processor.service(Http11Processor.java:389)
	at org.apache.coyote.AbstractProcessorLight.process(AbstractProcessorLight.java:63)
	at org.apache.coyote.AbstractProtocol$ConnectionHandler.process(AbstractProtocol.java:926)
	at org.apache.tomcat.util.net.NioEndpoint$SocketProcessor.doRun(NioEndpoint.java:1791)
	at org.apache.tomcat.util.net.SocketProcessorBase.run(SocketProcessorBase.java:49)
	at org.apache.tomcat.util.threads.ThreadPoolExecutor.runWorker(ThreadPoolExecutor.java:1191)
	at org.apache.tomcat.util.threads.ThreadPoolExecutor$Worker.run(ThreadPoolExecutor.java:659)
	at org.apache.tomcat.util.threads.TaskThread$WrappingRunnable.run(TaskThread.java:61)
	at java.lang.Thread.run(Thread.java:748)
2023-05-17 19:11:16.616 [main] ERROR org.springframework.boot.SpringApplication - Application run failed
org.springframework.context.ApplicationContextException: Failed to start bean 'org.springframework.jms.config.internalJmsListenerEndpointRegistry'; nested exception is org.springframework.jms.UncategorizedJmsException: Uncategorized exception occurred during JMS processing; nested exception is javax.jms.JMSException: Could not connect to broker URL: tcp://192.168.1.15:61616. Reason: java.net.ConnectException: Connection timed out: connect
	at org.springframework.context.support.DefaultLifecycleProcessor.doStart(DefaultLifecycleProcessor.java:181)
	at org.springframework.context.support.DefaultLifecycleProcessor.access$200(DefaultLifecycleProcessor.java:54)
	at org.springframework.context.support.DefaultLifecycleProcessor$LifecycleGroup.start(DefaultLifecycleProcessor.java:356)
	at java.lang.Iterable.forEach(Iterable.java:75)
	at org.springframework.context.support.DefaultLifecycleProcessor.startBeans(DefaultLifecycleProcessor.java:155)
	at org.springframework.context.support.DefaultLifecycleProcessor.onRefresh(DefaultLifecycleProcessor.java:123)
	at org.springframework.context.support.AbstractApplicationContext.finishRefresh(AbstractApplicationContext.java:937)
	at org.springframework.context.support.AbstractApplicationContext.refresh(AbstractApplicationContext.java:586)
	at org.springframework.boot.web.servlet.context.ServletWebServerApplicationContext.refresh(ServletWebServerApplicationContext.java:147)
	at org.springframework.boot.SpringApplication.refresh(SpringApplication.java:731)
	at org.springframework.boot.SpringApplication.refreshContext(SpringApplication.java:408)
	at org.springframework.boot.SpringApplication.run(SpringApplication.java:307)
	at org.springframework.boot.SpringApplication.run(SpringApplication.java:1303)
	at org.springframework.boot.SpringApplication.run(SpringApplication.java:1292)
	at com.example.Demo20230327SpringbootActivemqApplication.main(Demo20230327SpringbootActivemqApplication.java:12)
Caused by: org.springframework.jms.UncategorizedJmsException: Uncategorized exception occurred during JMS processing; nested exception is javax.jms.JMSException: Could not connect to broker URL: tcp://192.168.1.15:61616. Reason: java.net.ConnectException: Connection timed out: connect
	at org.springframework.jms.support.JmsUtils.convertJmsAccessException(JmsUtils.java:311)
	at org.springframework.jms.support.JmsAccessor.convertJmsAccessException(JmsAccessor.java:185)
	at org.springframework.jms.listener.AbstractJmsListeningContainer.start(AbstractJmsListeningContainer.java:280)
	at org.springframework.jms.config.JmsListenerEndpointRegistry.startIfNecessary(JmsListenerEndpointRegistry.java:242)
	at org.springframework.jms.config.JmsListenerEndpointRegistry.start(JmsListenerEndpointRegistry.java:205)
	at org.springframework.context.support.DefaultLifecycleProcessor.doStart(DefaultLifecycleProcessor.java:178)
	... 14 common frames omitted
Caused by: javax.jms.JMSException: Could not connect to broker URL: tcp://192.168.1.15:61616. Reason: java.net.ConnectException: Connection timed out: connect
	at org.apache.activemq.util.JMSExceptionSupport.create(JMSExceptionSupport.java:38)
	at org.apache.activemq.ActiveMQConnectionFactory.createActiveMQConnection(ActiveMQConnectionFactory.java:374)
	at org.apache.activemq.ActiveMQConnectionFactory.createActiveMQConnection(ActiveMQConnectionFactory.java:304)
	at org.apache.activemq.ActiveMQConnectionFactory.createConnection(ActiveMQConnectionFactory.java:244)
	at org.springframework.jms.support.JmsAccessor.createConnection(JmsAccessor.java:197)
	at org.springframework.jms.listener.AbstractJmsListeningContainer.createSharedConnection(AbstractJmsListeningContainer.java:412)
	at org.springframework.jms.listener.AbstractJmsListeningContainer.establishSharedConnection(AbstractJmsListeningContainer.java:380)
	at org.springframework.jms.listener.AbstractJmsListeningContainer.doStart(AbstractJmsListeningContainer.java:292)
	at org.springframework.jms.listener.SimpleMessageListenerContainer.doStart(SimpleMessageListenerContainer.java:232)
	at org.springframework.jms.listener.AbstractJmsListeningContainer.start(AbstractJmsListeningContainer.java:277)
	... 17 common frames omitted
Caused by: java.net.ConnectException: Connection timed out: connect
	at java.net.DualStackPlainSocketImpl.waitForConnect(Native Method)
	at java.net.DualStackPlainSocketImpl.socketConnect(DualStackPlainSocketImpl.java:85)
	at java.net.AbstractPlainSocketImpl.doConnect(AbstractPlainSocketImpl.java:350)
	at java.net.AbstractPlainSocketImpl.connectToAddress(AbstractPlainSocketImpl.java:206)
	at java.net.AbstractPlainSocketImpl.connect(AbstractPlainSocketImpl.java:188)
	at java.net.PlainSocketImpl.connect(PlainSocketImpl.java:172)
	at java.net.SocksSocketImpl.connect(SocksSocketImpl.java:392)
	at java.net.Socket.connect(Socket.java:589)
	at org.apache.activemq.transport.tcp.TcpTransport.connect(TcpTransport.java:525)
	at org.apache.activemq.transport.tcp.TcpTransport.doStart(TcpTransport.java:488)
	at org.apache.activemq.util.ServiceSupport.start(ServiceSupport.java:55)
	at org.apache.activemq.transport.AbstractInactivityMonitor.start(AbstractInactivityMonitor.java:169)
	at org.apache.activemq.transport.InactivityMonitor.start(InactivityMonitor.java:52)
	at org.apache.activemq.transport.TransportFilter.start(TransportFilter.java:64)
	at org.apache.activemq.transport.WireFormatNegotiator.start(WireFormatNegotiator.java:72)
	at org.apache.activemq.transport.TransportFilter.start(TransportFilter.java:64)
	at org.apache.activemq.transport.TransportFilter.start(TransportFilter.java:64)
	at org.apache.activemq.ActiveMQConnectionFactory.createActiveMQConnection(ActiveMQConnectionFactory.java:354)
	... 25 common frames omitted
2023-05-17 20:39:09.219 [main] ERROR org.springframework.boot.SpringApplication - Application run failed
org.springframework.context.ApplicationContextException: Failed to start bean 'org.springframework.jms.config.internalJmsListenerEndpointRegistry'; nested exception is org.springframework.jms.InvalidClientIDException: Broker: localhost - Client: topic_client1 already connected from tcp://192.168.1.8:61923; nested exception is javax.jms.InvalidClientIDException: Broker: localhost - Client: topic_client1 already connected from tcp://192.168.1.8:61923
	at org.springframework.context.support.DefaultLifecycleProcessor.doStart(DefaultLifecycleProcessor.java:181)
	at org.springframework.context.support.DefaultLifecycleProcessor.access$200(DefaultLifecycleProcessor.java:54)
	at org.springframework.context.support.DefaultLifecycleProcessor$LifecycleGroup.start(DefaultLifecycleProcessor.java:356)
	at java.lang.Iterable.forEach(Iterable.java:75)
	at org.springframework.context.support.DefaultLifecycleProcessor.startBeans(DefaultLifecycleProcessor.java:155)
	at org.springframework.context.support.DefaultLifecycleProcessor.onRefresh(DefaultLifecycleProcessor.java:123)
	at org.springframework.context.support.AbstractApplicationContext.finishRefresh(AbstractApplicationContext.java:937)
	at org.springframework.context.support.AbstractApplicationContext.refresh(AbstractApplicationContext.java:586)
	at org.springframework.boot.web.servlet.context.ServletWebServerApplicationContext.refresh(ServletWebServerApplicationContext.java:147)
	at org.springframework.boot.SpringApplication.refresh(SpringApplication.java:731)
	at org.springframework.boot.SpringApplication.refreshContext(SpringApplication.java:408)
	at org.springframework.boot.SpringApplication.run(SpringApplication.java:307)
	at org.springframework.boot.SpringApplication.run(SpringApplication.java:1303)
	at org.springframework.boot.SpringApplication.run(SpringApplication.java:1292)
	at com.example.Demo20230327SpringbootActivemqApplication.main(Demo20230327SpringbootActivemqApplication.java:12)
Caused by: org.springframework.jms.InvalidClientIDException: Broker: localhost - Client: topic_client1 already connected from tcp://192.168.1.8:61923; nested exception is javax.jms.InvalidClientIDException: Broker: localhost - Client: topic_client1 already connected from tcp://192.168.1.8:61923
	at org.springframework.jms.support.JmsUtils.convertJmsAccessException(JmsUtils.java:277)
	at org.springframework.jms.support.JmsAccessor.convertJmsAccessException(JmsAccessor.java:185)
	at org.springframework.jms.listener.AbstractJmsListeningContainer.start(AbstractJmsListeningContainer.java:280)
	at org.springframework.jms.config.JmsListenerEndpointRegistry.startIfNecessary(JmsListenerEndpointRegistry.java:242)
	at org.springframework.jms.config.JmsListenerEndpointRegistry.start(JmsListenerEndpointRegistry.java:205)
	at org.springframework.context.support.DefaultLifecycleProcessor.doStart(DefaultLifecycleProcessor.java:178)
	... 14 common frames omitted
Caused by: javax.jms.InvalidClientIDException: Broker: localhost - Client: topic_client1 already connected from tcp://192.168.1.8:61923
	at org.apache.activemq.broker.region.RegionBroker.addConnection(RegionBroker.java:256)
	at org.apache.activemq.broker.jmx.ManagedRegionBroker.addConnection(ManagedRegionBroker.java:227)
	at org.apache.activemq.broker.BrokerFilter.addConnection(BrokerFilter.java:98)
	at org.apache.activemq.advisory.AdvisoryBroker.addConnection(AdvisoryBroker.java:116)
	at org.apache.activemq.broker.BrokerFilter.addConnection(BrokerFilter.java:98)
	at org.apache.activemq.broker.BrokerFilter.addConnection(BrokerFilter.java:98)
	at org.apache.activemq.broker.MutableBrokerFilter.addConnection(MutableBrokerFilter.java:103)
	at org.apache.activemq.broker.TransportConnection.processAddConnection(TransportConnection.java:852)
	at org.apache.activemq.broker.jmx.ManagedTransportConnection.processAddConnection(ManagedTransportConnection.java:77)
	at org.apache.activemq.command.ConnectionInfo.visit(ConnectionInfo.java:139)
	at org.apache.activemq.broker.TransportConnection.service(TransportConnection.java:336)
	at org.apache.activemq.broker.TransportConnection$1.onCommand(TransportConnection.java:200)
	at org.apache.activemq.transport.MutexTransport.onCommand(MutexTransport.java:50)
	at org.apache.activemq.transport.WireFormatNegotiator.onCommand(WireFormatNegotiator.java:125)
	at org.apache.activemq.transport.AbstractInactivityMonitor.onCommand(AbstractInactivityMonitor.java:301)
	at org.apache.activemq.transport.TransportSupport.doConsume(TransportSupport.java:83)
	at org.apache.activemq.transport.tcp.TcpTransport.doRun(TcpTransport.java:233)
	at org.apache.activemq.transport.tcp.TcpTransport.run(TcpTransport.java:215)
	at java.lang.Thread.run(Thread.java:748)
2023-05-17 20:40:08.112 [main] ERROR org.springframework.boot.SpringApplication - Application run failed
org.springframework.context.ApplicationContextException: Failed to start bean 'org.springframework.jms.config.internalJmsListenerEndpointRegistry'; nested exception is org.springframework.jms.InvalidClientIDException: Broker: localhost - Client: topic_client5959932 already connected from tcp://192.168.1.8:61972; nested exception is javax.jms.InvalidClientIDException: Broker: localhost - Client: topic_client5959932 already connected from tcp://192.168.1.8:61972
	at org.springframework.context.support.DefaultLifecycleProcessor.doStart(DefaultLifecycleProcessor.java:181)
	at org.springframework.context.support.DefaultLifecycleProcessor.access$200(DefaultLifecycleProcessor.java:54)
	at org.springframework.context.support.DefaultLifecycleProcessor$LifecycleGroup.start(DefaultLifecycleProcessor.java:356)
	at java.lang.Iterable.forEach(Iterable.java:75)
	at org.springframework.context.support.DefaultLifecycleProcessor.startBeans(DefaultLifecycleProcessor.java:155)
	at org.springframework.context.support.DefaultLifecycleProcessor.onRefresh(DefaultLifecycleProcessor.java:123)
	at org.springframework.context.support.AbstractApplicationContext.finishRefresh(AbstractApplicationContext.java:937)
	at org.springframework.context.support.AbstractApplicationContext.refresh(AbstractApplicationContext.java:586)
	at org.springframework.boot.web.servlet.context.ServletWebServerApplicationContext.refresh(ServletWebServerApplicationContext.java:147)
	at org.springframework.boot.SpringApplication.refresh(SpringApplication.java:731)
	at org.springframework.boot.SpringApplication.refreshContext(SpringApplication.java:408)
	at org.springframework.boot.SpringApplication.run(SpringApplication.java:307)
	at org.springframework.boot.SpringApplication.run(SpringApplication.java:1303)
	at org.springframework.boot.SpringApplication.run(SpringApplication.java:1292)
	at com.example.Demo20230327SpringbootActivemqApplication.main(Demo20230327SpringbootActivemqApplication.java:12)
Caused by: org.springframework.jms.InvalidClientIDException: Broker: localhost - Client: topic_client5959932 already connected from tcp://192.168.1.8:61972; nested exception is javax.jms.InvalidClientIDException: Broker: localhost - Client: topic_client5959932 already connected from tcp://192.168.1.8:61972
	at org.springframework.jms.support.JmsUtils.convertJmsAccessException(JmsUtils.java:277)
	at org.springframework.jms.support.JmsAccessor.convertJmsAccessException(JmsAccessor.java:185)
	at org.springframework.jms.listener.AbstractJmsListeningContainer.start(AbstractJmsListeningContainer.java:280)
	at org.springframework.jms.config.JmsListenerEndpointRegistry.startIfNecessary(JmsListenerEndpointRegistry.java:242)
	at org.springframework.jms.config.JmsListenerEndpointRegistry.start(JmsListenerEndpointRegistry.java:205)
	at org.springframework.context.support.DefaultLifecycleProcessor.doStart(DefaultLifecycleProcessor.java:178)
	... 14 common frames omitted
Caused by: javax.jms.InvalidClientIDException: Broker: localhost - Client: topic_client5959932 already connected from tcp://192.168.1.8:61972
	at org.apache.activemq.broker.region.RegionBroker.addConnection(RegionBroker.java:256)
	at org.apache.activemq.broker.jmx.ManagedRegionBroker.addConnection(ManagedRegionBroker.java:227)
	at org.apache.activemq.broker.BrokerFilter.addConnection(BrokerFilter.java:98)
	at org.apache.activemq.advisory.AdvisoryBroker.addConnection(AdvisoryBroker.java:116)
	at org.apache.activemq.broker.BrokerFilter.addConnection(BrokerFilter.java:98)
	at org.apache.activemq.broker.BrokerFilter.addConnection(BrokerFilter.java:98)
	at org.apache.activemq.broker.MutableBrokerFilter.addConnection(MutableBrokerFilter.java:103)
	at org.apache.activemq.broker.TransportConnection.processAddConnection(TransportConnection.java:852)
	at org.apache.activemq.broker.jmx.ManagedTransportConnection.processAddConnection(ManagedTransportConnection.java:77)
	at org.apache.activemq.command.ConnectionInfo.visit(ConnectionInfo.java:139)
	at org.apache.activemq.broker.TransportConnection.service(TransportConnection.java:336)
	at org.apache.activemq.broker.TransportConnection$1.onCommand(TransportConnection.java:200)
	at org.apache.activemq.transport.MutexTransport.onCommand(MutexTransport.java:50)
	at org.apache.activemq.transport.WireFormatNegotiator.onCommand(WireFormatNegotiator.java:125)
	at org.apache.activemq.transport.AbstractInactivityMonitor.onCommand(AbstractInactivityMonitor.java:301)
	at org.apache.activemq.transport.TransportSupport.doConsume(TransportSupport.java:83)
	at org.apache.activemq.transport.tcp.TcpTransport.doRun(TcpTransport.java:233)
	at org.apache.activemq.transport.tcp.TcpTransport.run(TcpTransport.java:215)
	at java.lang.Thread.run(Thread.java:748)
2023-05-17 20:41:36.767 [main] ERROR org.springframework.boot.SpringApplication - Application run failed
org.springframework.context.ApplicationContextException: Failed to start bean 'org.springframework.jms.config.internalJmsListenerEndpointRegistry'; nested exception is org.springframework.jms.InvalidClientIDException: Broker: localhost - Client: topic_client5959932 already connected from tcp://192.168.1.8:62031; nested exception is javax.jms.InvalidClientIDException: Broker: localhost - Client: topic_client5959932 already connected from tcp://192.168.1.8:62031
	at org.springframework.context.support.DefaultLifecycleProcessor.doStart(DefaultLifecycleProcessor.java:181)
	at org.springframework.context.support.DefaultLifecycleProcessor.access$200(DefaultLifecycleProcessor.java:54)
	at org.springframework.context.support.DefaultLifecycleProcessor$LifecycleGroup.start(DefaultLifecycleProcessor.java:356)
	at java.lang.Iterable.forEach(Iterable.java:75)
	at org.springframework.context.support.DefaultLifecycleProcessor.startBeans(DefaultLifecycleProcessor.java:155)
	at org.springframework.context.support.DefaultLifecycleProcessor.onRefresh(DefaultLifecycleProcessor.java:123)
	at org.springframework.context.support.AbstractApplicationContext.finishRefresh(AbstractApplicationContext.java:937)
	at org.springframework.context.support.AbstractApplicationContext.refresh(AbstractApplicationContext.java:586)
	at org.springframework.boot.web.servlet.context.ServletWebServerApplicationContext.refresh(ServletWebServerApplicationContext.java:147)
	at org.springframework.boot.SpringApplication.refresh(SpringApplication.java:731)
	at org.springframework.boot.SpringApplication.refreshContext(SpringApplication.java:408)
	at org.springframework.boot.SpringApplication.run(SpringApplication.java:307)
	at org.springframework.boot.SpringApplication.run(SpringApplication.java:1303)
	at org.springframework.boot.SpringApplication.run(SpringApplication.java:1292)
	at com.example.Demo20230327SpringbootActivemqApplication.main(Demo20230327SpringbootActivemqApplication.java:12)
Caused by: org.springframework.jms.InvalidClientIDException: Broker: localhost - Client: topic_client5959932 already connected from tcp://192.168.1.8:62031; nested exception is javax.jms.InvalidClientIDException: Broker: localhost - Client: topic_client5959932 already connected from tcp://192.168.1.8:62031
	at org.springframework.jms.support.JmsUtils.convertJmsAccessException(JmsUtils.java:277)
	at org.springframework.jms.support.JmsAccessor.convertJmsAccessException(JmsAccessor.java:185)
	at org.springframework.jms.listener.AbstractJmsListeningContainer.start(AbstractJmsListeningContainer.java:280)
	at org.springframework.jms.config.JmsListenerEndpointRegistry.startIfNecessary(JmsListenerEndpointRegistry.java:242)
	at org.springframework.jms.config.JmsListenerEndpointRegistry.start(JmsListenerEndpointRegistry.java:205)
	at org.springframework.context.support.DefaultLifecycleProcessor.doStart(DefaultLifecycleProcessor.java:178)
	... 14 common frames omitted
Caused by: javax.jms.InvalidClientIDException: Broker: localhost - Client: topic_client5959932 already connected from tcp://192.168.1.8:62031
	at org.apache.activemq.broker.region.RegionBroker.addConnection(RegionBroker.java:256)
	at org.apache.activemq.broker.jmx.ManagedRegionBroker.addConnection(ManagedRegionBroker.java:227)
	at org.apache.activemq.broker.BrokerFilter.addConnection(BrokerFilter.java:98)
	at org.apache.activemq.advisory.AdvisoryBroker.addConnection(AdvisoryBroker.java:116)
	at org.apache.activemq.broker.BrokerFilter.addConnection(BrokerFilter.java:98)
	at org.apache.activemq.broker.BrokerFilter.addConnection(BrokerFilter.java:98)
	at org.apache.activemq.broker.MutableBrokerFilter.addConnection(MutableBrokerFilter.java:103)
	at org.apache.activemq.broker.TransportConnection.processAddConnection(TransportConnection.java:852)
	at org.apache.activemq.broker.jmx.ManagedTransportConnection.processAddConnection(ManagedTransportConnection.java:77)
	at org.apache.activemq.command.ConnectionInfo.visit(ConnectionInfo.java:139)
	at org.apache.activemq.broker.TransportConnection.service(TransportConnection.java:336)
	at org.apache.activemq.broker.TransportConnection$1.onCommand(TransportConnection.java:200)
	at org.apache.activemq.transport.MutexTransport.onCommand(MutexTransport.java:50)
	at org.apache.activemq.transport.WireFormatNegotiator.onCommand(WireFormatNegotiator.java:125)
	at org.apache.activemq.transport.AbstractInactivityMonitor.onCommand(AbstractInactivityMonitor.java:301)
	at org.apache.activemq.transport.TransportSupport.doConsume(TransportSupport.java:83)
	at org.apache.activemq.transport.tcp.TcpTransport.doRun(TcpTransport.java:233)
	at org.apache.activemq.transport.tcp.TcpTransport.run(TcpTransport.java:215)
	at java.lang.Thread.run(Thread.java:748)
2023-05-17 20:42:34.954 [main] ERROR org.springframework.boot.SpringApplication - Application run failed
org.springframework.context.ApplicationContextException: Failed to start bean 'org.springframework.jms.config.internalJmsListenerEndpointRegistry'; nested exception is org.springframework.jms.InvalidClientIDException: Broker: localhost - Client: topic_client5959932 already connected from tcp://192.168.1.8:62065; nested exception is javax.jms.InvalidClientIDException: Broker: localhost - Client: topic_client5959932 already connected from tcp://192.168.1.8:62065
	at org.springframework.context.support.DefaultLifecycleProcessor.doStart(DefaultLifecycleProcessor.java:181)
	at org.springframework.context.support.DefaultLifecycleProcessor.access$200(DefaultLifecycleProcessor.java:54)
	at org.springframework.context.support.DefaultLifecycleProcessor$LifecycleGroup.start(DefaultLifecycleProcessor.java:356)
	at java.lang.Iterable.forEach(Iterable.java:75)
	at org.springframework.context.support.DefaultLifecycleProcessor.startBeans(DefaultLifecycleProcessor.java:155)
	at org.springframework.context.support.DefaultLifecycleProcessor.onRefresh(DefaultLifecycleProcessor.java:123)
	at org.springframework.context.support.AbstractApplicationContext.finishRefresh(AbstractApplicationContext.java:937)
	at org.springframework.context.support.AbstractApplicationContext.refresh(AbstractApplicationContext.java:586)
	at org.springframework.boot.web.servlet.context.ServletWebServerApplicationContext.refresh(ServletWebServerApplicationContext.java:147)
	at org.springframework.boot.SpringApplication.refresh(SpringApplication.java:731)
	at org.springframework.boot.SpringApplication.refreshContext(SpringApplication.java:408)
	at org.springframework.boot.SpringApplication.run(SpringApplication.java:307)
	at org.springframework.boot.SpringApplication.run(SpringApplication.java:1303)
	at org.springframework.boot.SpringApplication.run(SpringApplication.java:1292)
	at com.example.Demo20230327SpringbootActivemqApplication.main(Demo20230327SpringbootActivemqApplication.java:12)
Caused by: org.springframework.jms.InvalidClientIDException: Broker: localhost - Client: topic_client5959932 already connected from tcp://192.168.1.8:62065; nested exception is javax.jms.InvalidClientIDException: Broker: localhost - Client: topic_client5959932 already connected from tcp://192.168.1.8:62065
	at org.springframework.jms.support.JmsUtils.convertJmsAccessException(JmsUtils.java:277)
	at org.springframework.jms.support.JmsAccessor.convertJmsAccessException(JmsAccessor.java:185)
	at org.springframework.jms.listener.AbstractJmsListeningContainer.start(AbstractJmsListeningContainer.java:280)
	at org.springframework.jms.config.JmsListenerEndpointRegistry.startIfNecessary(JmsListenerEndpointRegistry.java:242)
	at org.springframework.jms.config.JmsListenerEndpointRegistry.start(JmsListenerEndpointRegistry.java:205)
	at org.springframework.context.support.DefaultLifecycleProcessor.doStart(DefaultLifecycleProcessor.java:178)
	... 14 common frames omitted
Caused by: javax.jms.InvalidClientIDException: Broker: localhost - Client: topic_client5959932 already connected from tcp://192.168.1.8:62065
	at org.apache.activemq.broker.region.RegionBroker.addConnection(RegionBroker.java:256)
	at org.apache.activemq.broker.jmx.ManagedRegionBroker.addConnection(ManagedRegionBroker.java:227)
	at org.apache.activemq.broker.BrokerFilter.addConnection(BrokerFilter.java:98)
	at org.apache.activemq.advisory.AdvisoryBroker.addConnection(AdvisoryBroker.java:116)
	at org.apache.activemq.broker.BrokerFilter.addConnection(BrokerFilter.java:98)
	at org.apache.activemq.broker.BrokerFilter.addConnection(BrokerFilter.java:98)
	at org.apache.activemq.broker.MutableBrokerFilter.addConnection(MutableBrokerFilter.java:103)
	at org.apache.activemq.broker.TransportConnection.processAddConnection(TransportConnection.java:852)
	at org.apache.activemq.broker.jmx.ManagedTransportConnection.processAddConnection(ManagedTransportConnection.java:77)
	at org.apache.activemq.command.ConnectionInfo.visit(ConnectionInfo.java:139)
	at org.apache.activemq.broker.TransportConnection.service(TransportConnection.java:336)
	at org.apache.activemq.broker.TransportConnection$1.onCommand(TransportConnection.java:200)
	at org.apache.activemq.transport.MutexTransport.onCommand(MutexTransport.java:50)
	at org.apache.activemq.transport.WireFormatNegotiator.onCommand(WireFormatNegotiator.java:125)
	at org.apache.activemq.transport.AbstractInactivityMonitor.onCommand(AbstractInactivityMonitor.java:301)
	at org.apache.activemq.transport.TransportSupport.doConsume(TransportSupport.java:83)
	at org.apache.activemq.transport.tcp.TcpTransport.doRun(TcpTransport.java:233)
	at org.apache.activemq.transport.tcp.TcpTransport.run(TcpTransport.java:215)
	at java.lang.Thread.run(Thread.java:748)
2023-05-17 20:43:52.575 [main] ERROR org.springframework.boot.SpringApplication - Application run failed
org.springframework.beans.factory.BeanInitializationException: Failed to initialize message listener container; nested exception is org.springframework.jms.UncategorizedJmsException: Uncategorized exception occurred during JMS processing; nested exception is javax.jms.JMSException: You cannot create a durable subscriber without specifying a unique clientID on a Connection
	at org.springframework.jms.config.JmsListenerEndpointRegistry.createListenerContainer(JmsListenerEndpointRegistry.java:178)
	at org.springframework.jms.config.JmsListenerEndpointRegistry.registerListenerContainer(JmsListenerEndpointRegistry.java:145)
	at org.springframework.jms.config.JmsListenerEndpointRegistry.registerListenerContainer(JmsListenerEndpointRegistry.java:162)
	at org.springframework.jms.config.JmsListenerEndpointRegistrar.registerAllEndpoints(JmsListenerEndpointRegistrar.java:142)
	at org.springframework.jms.config.JmsListenerEndpointRegistrar.afterPropertiesSet(JmsListenerEndpointRegistrar.java:135)
	at org.springframework.jms.annotation.JmsListenerAnnotationBeanPostProcessor.afterSingletonsInstantiated(JmsListenerAnnotationBeanPostProcessor.java:210)
	at org.springframework.beans.factory.support.DefaultListableBeanFactory.preInstantiateSingletons(DefaultListableBeanFactory.java:974)
	at org.springframework.context.support.AbstractApplicationContext.finishBeanFactoryInitialization(AbstractApplicationContext.java:920)
	at org.springframework.context.support.AbstractApplicationContext.refresh(AbstractApplicationContext.java:583)
	at org.springframework.boot.web.servlet.context.ServletWebServerApplicationContext.refresh(ServletWebServerApplicationContext.java:147)
	at org.springframework.boot.SpringApplication.refresh(SpringApplication.java:731)
	at org.springframework.boot.SpringApplication.refreshContext(SpringApplication.java:408)
	at org.springframework.boot.SpringApplication.run(SpringApplication.java:307)
	at org.springframework.boot.SpringApplication.run(SpringApplication.java:1303)
	at org.springframework.boot.SpringApplication.run(SpringApplication.java:1292)
	at com.example.Demo20230327SpringbootActivemqApplication.main(Demo20230327SpringbootActivemqApplication.java:12)
Caused by: org.springframework.jms.UncategorizedJmsException: Uncategorized exception occurred during JMS processing; nested exception is javax.jms.JMSException: You cannot create a durable subscriber without specifying a unique clientID on a Connection
	at org.springframework.jms.support.JmsUtils.convertJmsAccessException(JmsUtils.java:311)
	at org.springframework.jms.support.JmsAccessor.convertJmsAccessException(JmsAccessor.java:185)
	at org.springframework.jms.listener.AbstractJmsListeningContainer.initialize(AbstractJmsListeningContainer.java:212)
	at org.springframework.jms.listener.AbstractJmsListeningContainer.afterPropertiesSet(AbstractJmsListeningContainer.java:168)
	at org.springframework.jms.config.JmsListenerEndpointRegistry.createListenerContainer(JmsListenerEndpointRegistry.java:175)
	... 15 common frames omitted
Caused by: javax.jms.JMSException: You cannot create a durable subscriber without specifying a unique clientID on a Connection
	at org.apache.activemq.ActiveMQConnection.checkClientIDWasManuallySpecified(ActiveMQConnection.java:1291)
	at org.apache.activemq.ActiveMQSession.createDurableSubscriber(ActiveMQSession.java:1478)
	at org.springframework.jms.listener.AbstractMessageListenerContainer.createConsumer(AbstractMessageListenerContainer.java:863)
	at org.springframework.jms.listener.SimpleMessageListenerContainer.createListenerConsumer(SimpleMessageListenerContainer.java:316)
	at org.springframework.jms.listener.SimpleMessageListenerContainer.initializeConsumers(SimpleMessageListenerContainer.java:293)
	at org.springframework.jms.listener.SimpleMessageListenerContainer.doInitialize(SimpleMessageListenerContainer.java:222)
	at org.springframework.jms.listener.AbstractJmsListeningContainer.initialize(AbstractJmsListeningContainer.java:205)
	... 17 common frames omitted
2023-05-17 20:44:38.096 [main] ERROR org.springframework.boot.SpringApplication - Application run failed
org.springframework.context.ApplicationContextException: Failed to start bean 'org.springframework.jms.config.internalJmsListenerEndpointRegistry'; nested exception is org.springframework.jms.InvalidClientIDException: Broker: localhost - Client: dingli already connected from tcp://192.168.1.8:62151; nested exception is javax.jms.InvalidClientIDException: Broker: localhost - Client: dingli already connected from tcp://192.168.1.8:62151
	at org.springframework.context.support.DefaultLifecycleProcessor.doStart(DefaultLifecycleProcessor.java:181)
	at org.springframework.context.support.DefaultLifecycleProcessor.access$200(DefaultLifecycleProcessor.java:54)
	at org.springframework.context.support.DefaultLifecycleProcessor$LifecycleGroup.start(DefaultLifecycleProcessor.java:356)
	at java.lang.Iterable.forEach(Iterable.java:75)
	at org.springframework.context.support.DefaultLifecycleProcessor.startBeans(DefaultLifecycleProcessor.java:155)
	at org.springframework.context.support.DefaultLifecycleProcessor.onRefresh(DefaultLifecycleProcessor.java:123)
	at org.springframework.context.support.AbstractApplicationContext.finishRefresh(AbstractApplicationContext.java:937)
	at org.springframework.context.support.AbstractApplicationContext.refresh(AbstractApplicationContext.java:586)
	at org.springframework.boot.web.servlet.context.ServletWebServerApplicationContext.refresh(ServletWebServerApplicationContext.java:147)
	at org.springframework.boot.SpringApplication.refresh(SpringApplication.java:731)
	at org.springframework.boot.SpringApplication.refreshContext(SpringApplication.java:408)
	at org.springframework.boot.SpringApplication.run(SpringApplication.java:307)
	at org.springframework.boot.SpringApplication.run(SpringApplication.java:1303)
	at org.springframework.boot.SpringApplication.run(SpringApplication.java:1292)
	at com.example.Demo20230327SpringbootActivemqApplication.main(Demo20230327SpringbootActivemqApplication.java:12)
Caused by: org.springframework.jms.InvalidClientIDException: Broker: localhost - Client: dingli already connected from tcp://192.168.1.8:62151; nested exception is javax.jms.InvalidClientIDException: Broker: localhost - Client: dingli already connected from tcp://192.168.1.8:62151
	at org.springframework.jms.support.JmsUtils.convertJmsAccessException(JmsUtils.java:277)
	at org.springframework.jms.support.JmsAccessor.convertJmsAccessException(JmsAccessor.java:185)
	at org.springframework.jms.listener.AbstractJmsListeningContainer.start(AbstractJmsListeningContainer.java:280)
	at org.springframework.jms.config.JmsListenerEndpointRegistry.startIfNecessary(JmsListenerEndpointRegistry.java:242)
	at org.springframework.jms.config.JmsListenerEndpointRegistry.start(JmsListenerEndpointRegistry.java:205)
	at org.springframework.context.support.DefaultLifecycleProcessor.doStart(DefaultLifecycleProcessor.java:178)
	... 14 common frames omitted
Caused by: javax.jms.InvalidClientIDException: Broker: localhost - Client: dingli already connected from tcp://192.168.1.8:62151
	at org.apache.activemq.broker.region.RegionBroker.addConnection(RegionBroker.java:256)
	at org.apache.activemq.broker.jmx.ManagedRegionBroker.addConnection(ManagedRegionBroker.java:227)
	at org.apache.activemq.broker.BrokerFilter.addConnection(BrokerFilter.java:98)
	at org.apache.activemq.advisory.AdvisoryBroker.addConnection(AdvisoryBroker.java:116)
	at org.apache.activemq.broker.BrokerFilter.addConnection(BrokerFilter.java:98)
	at org.apache.activemq.broker.BrokerFilter.addConnection(BrokerFilter.java:98)
	at org.apache.activemq.broker.MutableBrokerFilter.addConnection(MutableBrokerFilter.java:103)
	at org.apache.activemq.broker.TransportConnection.processAddConnection(TransportConnection.java:852)
	at org.apache.activemq.broker.jmx.ManagedTransportConnection.processAddConnection(ManagedTransportConnection.java:77)
	at org.apache.activemq.command.ConnectionInfo.visit(ConnectionInfo.java:139)
	at org.apache.activemq.broker.TransportConnection.service(TransportConnection.java:336)
	at org.apache.activemq.broker.TransportConnection$1.onCommand(TransportConnection.java:200)
	at org.apache.activemq.transport.MutexTransport.onCommand(MutexTransport.java:50)
	at org.apache.activemq.transport.WireFormatNegotiator.onCommand(WireFormatNegotiator.java:125)
	at org.apache.activemq.transport.AbstractInactivityMonitor.onCommand(AbstractInactivityMonitor.java:301)
	at org.apache.activemq.transport.TransportSupport.doConsume(TransportSupport.java:83)
	at org.apache.activemq.transport.tcp.TcpTransport.doRun(TcpTransport.java:233)
	at org.apache.activemq.transport.tcp.TcpTransport.run(TcpTransport.java:215)
	at java.lang.Thread.run(Thread.java:748)
2023-05-17 20:46:13.525 [main] ERROR org.springframework.boot.SpringApplication - Application run failed
org.springframework.context.ApplicationContextException: Failed to start bean 'org.springframework.jms.config.internalJmsListenerEndpointRegistry'; nested exception is org.springframework.jms.InvalidClientIDException: Broker: localhost - Client: dingli already connected from tcp://192.168.1.8:62212; nested exception is javax.jms.InvalidClientIDException: Broker: localhost - Client: dingli already connected from tcp://192.168.1.8:62212
	at org.springframework.context.support.DefaultLifecycleProcessor.doStart(DefaultLifecycleProcessor.java:181)
	at org.springframework.context.support.DefaultLifecycleProcessor.access$200(DefaultLifecycleProcessor.java:54)
	at org.springframework.context.support.DefaultLifecycleProcessor$LifecycleGroup.start(DefaultLifecycleProcessor.java:356)
	at java.lang.Iterable.forEach(Iterable.java:75)
	at org.springframework.context.support.DefaultLifecycleProcessor.startBeans(DefaultLifecycleProcessor.java:155)
	at org.springframework.context.support.DefaultLifecycleProcessor.onRefresh(DefaultLifecycleProcessor.java:123)
	at org.springframework.context.support.AbstractApplicationContext.finishRefresh(AbstractApplicationContext.java:937)
	at org.springframework.context.support.AbstractApplicationContext.refresh(AbstractApplicationContext.java:586)
	at org.springframework.boot.web.servlet.context.ServletWebServerApplicationContext.refresh(ServletWebServerApplicationContext.java:147)
	at org.springframework.boot.SpringApplication.refresh(SpringApplication.java:731)
	at org.springframework.boot.SpringApplication.refreshContext(SpringApplication.java:408)
	at org.springframework.boot.SpringApplication.run(SpringApplication.java:307)
	at org.springframework.boot.SpringApplication.run(SpringApplication.java:1303)
	at org.springframework.boot.SpringApplication.run(SpringApplication.java:1292)
	at com.example.Demo20230327SpringbootActivemqApplication.main(Demo20230327SpringbootActivemqApplication.java:12)
Caused by: org.springframework.jms.InvalidClientIDException: Broker: localhost - Client: dingli already connected from tcp://192.168.1.8:62212; nested exception is javax.jms.InvalidClientIDException: Broker: localhost - Client: dingli already connected from tcp://192.168.1.8:62212
	at org.springframework.jms.support.JmsUtils.convertJmsAccessException(JmsUtils.java:277)
	at org.springframework.jms.support.JmsAccessor.convertJmsAccessException(JmsAccessor.java:185)
	at org.springframework.jms.listener.AbstractJmsListeningContainer.start(AbstractJmsListeningContainer.java:280)
	at org.springframework.jms.config.JmsListenerEndpointRegistry.startIfNecessary(JmsListenerEndpointRegistry.java:242)
	at org.springframework.jms.config.JmsListenerEndpointRegistry.start(JmsListenerEndpointRegistry.java:205)
	at org.springframework.context.support.DefaultLifecycleProcessor.doStart(DefaultLifecycleProcessor.java:178)
	... 14 common frames omitted
Caused by: javax.jms.InvalidClientIDException: Broker: localhost - Client: dingli already connected from tcp://192.168.1.8:62212
	at org.apache.activemq.broker.region.RegionBroker.addConnection(RegionBroker.java:256)
	at org.apache.activemq.broker.jmx.ManagedRegionBroker.addConnection(ManagedRegionBroker.java:227)
	at org.apache.activemq.broker.BrokerFilter.addConnection(BrokerFilter.java:98)
	at org.apache.activemq.advisory.AdvisoryBroker.addConnection(AdvisoryBroker.java:116)
	at org.apache.activemq.broker.BrokerFilter.addConnection(BrokerFilter.java:98)
	at org.apache.activemq.broker.BrokerFilter.addConnection(BrokerFilter.java:98)
	at org.apache.activemq.broker.MutableBrokerFilter.addConnection(MutableBrokerFilter.java:103)
	at org.apache.activemq.broker.TransportConnection.processAddConnection(TransportConnection.java:852)
	at org.apache.activemq.broker.jmx.ManagedTransportConnection.processAddConnection(ManagedTransportConnection.java:77)
	at org.apache.activemq.command.ConnectionInfo.visit(ConnectionInfo.java:139)
	at org.apache.activemq.broker.TransportConnection.service(TransportConnection.java:336)
	at org.apache.activemq.broker.TransportConnection$1.onCommand(TransportConnection.java:200)
	at org.apache.activemq.transport.MutexTransport.onCommand(MutexTransport.java:50)
	at org.apache.activemq.transport.WireFormatNegotiator.onCommand(WireFormatNegotiator.java:125)
	at org.apache.activemq.transport.AbstractInactivityMonitor.onCommand(AbstractInactivityMonitor.java:301)
	at org.apache.activemq.transport.TransportSupport.doConsume(TransportSupport.java:83)
	at org.apache.activemq.transport.tcp.TcpTransport.doRun(TcpTransport.java:233)
	at org.apache.activemq.transport.tcp.TcpTransport.run(TcpTransport.java:215)
	at java.lang.Thread.run(Thread.java:748)
2023-05-17 20:48:12.045 [main] ERROR org.springframework.boot.SpringApplication - Application run failed
org.springframework.context.ApplicationContextException: Failed to start bean 'org.springframework.jms.config.internalJmsListenerEndpointRegistry'; nested exception is org.springframework.jms.InvalidClientIDException: Broker: localhost - Client: dingli already connected from tcp://192.168.1.8:62304; nested exception is javax.jms.InvalidClientIDException: Broker: localhost - Client: dingli already connected from tcp://192.168.1.8:62304
	at org.springframework.context.support.DefaultLifecycleProcessor.doStart(DefaultLifecycleProcessor.java:181)
	at org.springframework.context.support.DefaultLifecycleProcessor.access$200(DefaultLifecycleProcessor.java:54)
	at org.springframework.context.support.DefaultLifecycleProcessor$LifecycleGroup.start(DefaultLifecycleProcessor.java:356)
	at java.lang.Iterable.forEach(Iterable.java:75)
	at org.springframework.context.support.DefaultLifecycleProcessor.startBeans(DefaultLifecycleProcessor.java:155)
	at org.springframework.context.support.DefaultLifecycleProcessor.onRefresh(DefaultLifecycleProcessor.java:123)
	at org.springframework.context.support.AbstractApplicationContext.finishRefresh(AbstractApplicationContext.java:937)
	at org.springframework.context.support.AbstractApplicationContext.refresh(AbstractApplicationContext.java:586)
	at org.springframework.boot.web.servlet.context.ServletWebServerApplicationContext.refresh(ServletWebServerApplicationContext.java:147)
	at org.springframework.boot.SpringApplication.refresh(SpringApplication.java:731)
	at org.springframework.boot.SpringApplication.refreshContext(SpringApplication.java:408)
	at org.springframework.boot.SpringApplication.run(SpringApplication.java:307)
	at org.springframework.boot.SpringApplication.run(SpringApplication.java:1303)
	at org.springframework.boot.SpringApplication.run(SpringApplication.java:1292)
	at com.example.Demo20230327SpringbootActivemqApplication.main(Demo20230327SpringbootActivemqApplication.java:12)
Caused by: org.springframework.jms.InvalidClientIDException: Broker: localhost - Client: dingli already connected from tcp://192.168.1.8:62304; nested exception is javax.jms.InvalidClientIDException: Broker: localhost - Client: dingli already connected from tcp://192.168.1.8:62304
	at org.springframework.jms.support.JmsUtils.convertJmsAccessException(JmsUtils.java:277)
	at org.springframework.jms.support.JmsAccessor.convertJmsAccessException(JmsAccessor.java:185)
	at org.springframework.jms.listener.AbstractJmsListeningContainer.start(AbstractJmsListeningContainer.java:280)
	at org.springframework.jms.config.JmsListenerEndpointRegistry.startIfNecessary(JmsListenerEndpointRegistry.java:242)
	at org.springframework.jms.config.JmsListenerEndpointRegistry.start(JmsListenerEndpointRegistry.java:205)
	at org.springframework.context.support.DefaultLifecycleProcessor.doStart(DefaultLifecycleProcessor.java:178)
	... 14 common frames omitted
Caused by: javax.jms.InvalidClientIDException: Broker: localhost - Client: dingli already connected from tcp://192.168.1.8:62304
	at org.apache.activemq.broker.region.RegionBroker.addConnection(RegionBroker.java:256)
	at org.apache.activemq.broker.jmx.ManagedRegionBroker.addConnection(ManagedRegionBroker.java:227)
	at org.apache.activemq.broker.BrokerFilter.addConnection(BrokerFilter.java:98)
	at org.apache.activemq.advisory.AdvisoryBroker.addConnection(AdvisoryBroker.java:116)
	at org.apache.activemq.broker.BrokerFilter.addConnection(BrokerFilter.java:98)
	at org.apache.activemq.broker.BrokerFilter.addConnection(BrokerFilter.java:98)
	at org.apache.activemq.broker.MutableBrokerFilter.addConnection(MutableBrokerFilter.java:103)
	at org.apache.activemq.broker.TransportConnection.processAddConnection(TransportConnection.java:852)
	at org.apache.activemq.broker.jmx.ManagedTransportConnection.processAddConnection(ManagedTransportConnection.java:77)
	at org.apache.activemq.command.ConnectionInfo.visit(ConnectionInfo.java:139)
	at org.apache.activemq.broker.TransportConnection.service(TransportConnection.java:336)
	at org.apache.activemq.broker.TransportConnection$1.onCommand(TransportConnection.java:200)
	at org.apache.activemq.transport.MutexTransport.onCommand(MutexTransport.java:50)
	at org.apache.activemq.transport.WireFormatNegotiator.onCommand(WireFormatNegotiator.java:125)
	at org.apache.activemq.transport.AbstractInactivityMonitor.onCommand(AbstractInactivityMonitor.java:301)
	at org.apache.activemq.transport.TransportSupport.doConsume(TransportSupport.java:83)
	at org.apache.activemq.transport.tcp.TcpTransport.doRun(TcpTransport.java:233)
	at org.apache.activemq.transport.tcp.TcpTransport.run(TcpTransport.java:215)
	at java.lang.Thread.run(Thread.java:748)
2023-05-17 20:53:45.190 [main] ERROR org.springframework.boot.SpringApplication - Application run failed
org.springframework.beans.factory.BeanInitializationException: Failed to initialize message listener container; nested exception is org.springframework.jms.UncategorizedJmsException: Uncategorized exception occurred during JMS processing; nested exception is javax.jms.JMSException: You cannot create a durable subscriber without specifying a unique clientID on a Connection
	at org.springframework.jms.config.JmsListenerEndpointRegistry.createListenerContainer(JmsListenerEndpointRegistry.java:178)
	at org.springframework.jms.config.JmsListenerEndpointRegistry.registerListenerContainer(JmsListenerEndpointRegistry.java:145)
	at org.springframework.jms.config.JmsListenerEndpointRegistry.registerListenerContainer(JmsListenerEndpointRegistry.java:162)
	at org.springframework.jms.config.JmsListenerEndpointRegistrar.registerAllEndpoints(JmsListenerEndpointRegistrar.java:142)
	at org.springframework.jms.config.JmsListenerEndpointRegistrar.afterPropertiesSet(JmsListenerEndpointRegistrar.java:135)
	at org.springframework.jms.annotation.JmsListenerAnnotationBeanPostProcessor.afterSingletonsInstantiated(JmsListenerAnnotationBeanPostProcessor.java:210)
	at org.springframework.beans.factory.support.DefaultListableBeanFactory.preInstantiateSingletons(DefaultListableBeanFactory.java:974)
	at org.springframework.context.support.AbstractApplicationContext.finishBeanFactoryInitialization(AbstractApplicationContext.java:920)
	at org.springframework.context.support.AbstractApplicationContext.refresh(AbstractApplicationContext.java:583)
	at org.springframework.boot.web.servlet.context.ServletWebServerApplicationContext.refresh(ServletWebServerApplicationContext.java:147)
	at org.springframework.boot.SpringApplication.refresh(SpringApplication.java:731)
	at org.springframework.boot.SpringApplication.refreshContext(SpringApplication.java:408)
	at org.springframework.boot.SpringApplication.run(SpringApplication.java:307)
	at org.springframework.boot.SpringApplication.run(SpringApplication.java:1303)
	at org.springframework.boot.SpringApplication.run(SpringApplication.java:1292)
	at com.example.Demo20230327SpringbootActivemqApplication.main(Demo20230327SpringbootActivemqApplication.java:12)
Caused by: org.springframework.jms.UncategorizedJmsException: Uncategorized exception occurred during JMS processing; nested exception is javax.jms.JMSException: You cannot create a durable subscriber without specifying a unique clientID on a Connection
	at org.springframework.jms.support.JmsUtils.convertJmsAccessException(JmsUtils.java:311)
	at org.springframework.jms.support.JmsAccessor.convertJmsAccessException(JmsAccessor.java:185)
	at org.springframework.jms.listener.AbstractJmsListeningContainer.initialize(AbstractJmsListeningContainer.java:212)
	at org.springframework.jms.listener.AbstractJmsListeningContainer.afterPropertiesSet(AbstractJmsListeningContainer.java:168)
	at org.springframework.jms.config.JmsListenerEndpointRegistry.createListenerContainer(JmsListenerEndpointRegistry.java:175)
	... 15 common frames omitted
Caused by: javax.jms.JMSException: You cannot create a durable subscriber without specifying a unique clientID on a Connection
	at org.apache.activemq.ActiveMQConnection.checkClientIDWasManuallySpecified(ActiveMQConnection.java:1291)
	at org.apache.activemq.ActiveMQSession.createDurableSubscriber(ActiveMQSession.java:1478)
	at org.springframework.jms.listener.AbstractMessageListenerContainer.createConsumer(AbstractMessageListenerContainer.java:863)
	at org.springframework.jms.listener.SimpleMessageListenerContainer.createListenerConsumer(SimpleMessageListenerContainer.java:316)
	at org.springframework.jms.listener.SimpleMessageListenerContainer.initializeConsumers(SimpleMessageListenerContainer.java:293)
	at org.springframework.jms.listener.SimpleMessageListenerContainer.doInitialize(SimpleMessageListenerContainer.java:222)
	at org.springframework.jms.listener.AbstractJmsListeningContainer.initialize(AbstractJmsListeningContainer.java:205)
	... 17 common frames omitted
2023-05-17 20:55:54.829 [main] ERROR org.springframework.boot.SpringApplication - Application run failed
org.springframework.context.ApplicationContextException: Failed to start bean 'org.springframework.jms.config.internalJmsListenerEndpointRegistry'; nested exception is org.springframework.jms.InvalidClientIDException: Broker: localhost - Client: A already connected from tcp://192.168.1.8:63096; nested exception is javax.jms.InvalidClientIDException: Broker: localhost - Client: A already connected from tcp://192.168.1.8:63096
	at org.springframework.context.support.DefaultLifecycleProcessor.doStart(DefaultLifecycleProcessor.java:181)
	at org.springframework.context.support.DefaultLifecycleProcessor.access$200(DefaultLifecycleProcessor.java:54)
	at org.springframework.context.support.DefaultLifecycleProcessor$LifecycleGroup.start(DefaultLifecycleProcessor.java:356)
	at java.lang.Iterable.forEach(Iterable.java:75)
	at org.springframework.context.support.DefaultLifecycleProcessor.startBeans(DefaultLifecycleProcessor.java:155)
	at org.springframework.context.support.DefaultLifecycleProcessor.onRefresh(DefaultLifecycleProcessor.java:123)
	at org.springframework.context.support.AbstractApplicationContext.finishRefresh(AbstractApplicationContext.java:937)
	at org.springframework.context.support.AbstractApplicationContext.refresh(AbstractApplicationContext.java:586)
	at org.springframework.boot.web.servlet.context.ServletWebServerApplicationContext.refresh(ServletWebServerApplicationContext.java:147)
	at org.springframework.boot.SpringApplication.refresh(SpringApplication.java:731)
	at org.springframework.boot.SpringApplication.refreshContext(SpringApplication.java:408)
	at org.springframework.boot.SpringApplication.run(SpringApplication.java:307)
	at org.springframework.boot.SpringApplication.run(SpringApplication.java:1303)
	at org.springframework.boot.SpringApplication.run(SpringApplication.java:1292)
	at com.example.Demo20230327SpringbootActivemqApplication.main(Demo20230327SpringbootActivemqApplication.java:12)
Caused by: org.springframework.jms.InvalidClientIDException: Broker: localhost - Client: A already connected from tcp://192.168.1.8:63096; nested exception is javax.jms.InvalidClientIDException: Broker: localhost - Client: A already connected from tcp://192.168.1.8:63096
	at org.springframework.jms.support.JmsUtils.convertJmsAccessException(JmsUtils.java:277)
	at org.springframework.jms.support.JmsAccessor.convertJmsAccessException(JmsAccessor.java:185)
	at org.springframework.jms.listener.AbstractJmsListeningContainer.start(AbstractJmsListeningContainer.java:280)
	at org.springframework.jms.config.JmsListenerEndpointRegistry.startIfNecessary(JmsListenerEndpointRegistry.java:242)
	at org.springframework.jms.config.JmsListenerEndpointRegistry.start(JmsListenerEndpointRegistry.java:205)
	at org.springframework.context.support.DefaultLifecycleProcessor.doStart(DefaultLifecycleProcessor.java:178)
	... 14 common frames omitted
Caused by: javax.jms.InvalidClientIDException: Broker: localhost - Client: A already connected from tcp://192.168.1.8:63096
	at org.apache.activemq.broker.region.RegionBroker.addConnection(RegionBroker.java:256)
	at org.apache.activemq.broker.jmx.ManagedRegionBroker.addConnection(ManagedRegionBroker.java:227)
	at org.apache.activemq.broker.BrokerFilter.addConnection(BrokerFilter.java:98)
	at org.apache.activemq.advisory.AdvisoryBroker.addConnection(AdvisoryBroker.java:116)
	at org.apache.activemq.broker.BrokerFilter.addConnection(BrokerFilter.java:98)
	at org.apache.activemq.broker.BrokerFilter.addConnection(BrokerFilter.java:98)
	at org.apache.activemq.broker.MutableBrokerFilter.addConnection(MutableBrokerFilter.java:103)
	at org.apache.activemq.broker.TransportConnection.processAddConnection(TransportConnection.java:852)
	at org.apache.activemq.broker.jmx.ManagedTransportConnection.processAddConnection(ManagedTransportConnection.java:77)
	at org.apache.activemq.command.ConnectionInfo.visit(ConnectionInfo.java:139)
	at org.apache.activemq.broker.TransportConnection.service(TransportConnection.java:336)
	at org.apache.activemq.broker.TransportConnection$1.onCommand(TransportConnection.java:200)
	at org.apache.activemq.transport.MutexTransport.onCommand(MutexTransport.java:50)
	at org.apache.activemq.transport.WireFormatNegotiator.onCommand(WireFormatNegotiator.java:125)
	at org.apache.activemq.transport.AbstractInactivityMonitor.onCommand(AbstractInactivityMonitor.java:301)
	at org.apache.activemq.transport.TransportSupport.doConsume(TransportSupport.java:83)
	at org.apache.activemq.transport.tcp.TcpTransport.doRun(TcpTransport.java:233)
	at org.apache.activemq.transport.tcp.TcpTransport.run(TcpTransport.java:215)
	at java.lang.Thread.run(Thread.java:748)
2023-05-17 20:57:53.559 [org.springframework.jms.JmsListenerEndpointContainer#1-1] ERROR o.s.jms.listener.DefaultMessageListenerContainer - Could not refresh JMS Connection for destination 'topic2' - retrying using FixedBackOff{interval=5000, currentAttempts=0, maxAttempts=unlimited}. Cause: Broker: localhost - Client: A already connected from tcp://192.168.1.8:63177
2023-05-17 20:57:58.568 [org.springframework.jms.JmsListenerEndpointContainer#1-1] ERROR o.s.jms.listener.DefaultMessageListenerContainer - Could not refresh JMS Connection for destination 'topic2' - retrying using FixedBackOff{interval=5000, currentAttempts=1, maxAttempts=unlimited}. Cause: Broker: localhost - Client: A already connected from tcp://192.168.1.8:63177
2023-05-17 20:58:03.572 [org.springframework.jms.JmsListenerEndpointContainer#1-1] ERROR o.s.jms.listener.DefaultMessageListenerContainer - Could not refresh JMS Connection for destination 'topic2' - retrying using FixedBackOff{interval=5000, currentAttempts=2, maxAttempts=unlimited}. Cause: Broker: localhost - Client: A already connected from tcp://192.168.1.8:63177
2023-05-17 20:58:08.574 [org.springframework.jms.JmsListenerEndpointContainer#1-1] ERROR o.s.jms.listener.DefaultMessageListenerContainer - Could not refresh JMS Connection for destination 'topic2' - retrying using FixedBackOff{interval=5000, currentAttempts=3, maxAttempts=unlimited}. Cause: Broker: localhost - Client: A already connected from tcp://192.168.1.8:63177
2023-05-17 20:58:13.577 [org.springframework.jms.JmsListenerEndpointContainer#1-1] ERROR o.s.jms.listener.DefaultMessageListenerContainer - Could not refresh JMS Connection for destination 'topic2' - retrying using FixedBackOff{interval=5000, currentAttempts=4, maxAttempts=unlimited}. Cause: Broker: localhost - Client: A already connected from tcp://192.168.1.8:63177
2023-05-17 20:58:18.591 [org.springframework.jms.JmsListenerEndpointContainer#1-1] ERROR o.s.jms.listener.DefaultMessageListenerContainer - Could not refresh JMS Connection for destination 'topic2' - retrying using FixedBackOff{interval=5000, currentAttempts=5, maxAttempts=unlimited}. Cause: Broker: localhost - Client: A already connected from tcp://192.168.1.8:63177
2023-05-17 20:58:23.604 [org.springframework.jms.JmsListenerEndpointContainer#1-1] ERROR o.s.jms.listener.DefaultMessageListenerContainer - Could not refresh JMS Connection for destination 'topic2' - retrying using FixedBackOff{interval=5000, currentAttempts=6, maxAttempts=unlimited}. Cause: Broker: localhost - Client: A already connected from tcp://192.168.1.8:63177
2023-05-17 20:58:28.616 [org.springframework.jms.JmsListenerEndpointContainer#1-1] ERROR o.s.jms.listener.DefaultMessageListenerContainer - Could not refresh JMS Connection for destination 'topic2' - retrying using FixedBackOff{interval=5000, currentAttempts=7, maxAttempts=unlimited}. Cause: Broker: localhost - Client: A already connected from tcp://192.168.1.8:63177
2023-05-17 20:58:33.637 [org.springframework.jms.JmsListenerEndpointContainer#1-1] ERROR o.s.jms.listener.DefaultMessageListenerContainer - Could not refresh JMS Connection for destination 'topic2' - retrying using FixedBackOff{interval=5000, currentAttempts=8, maxAttempts=unlimited}. Cause: Broker: localhost - Client: A already connected from tcp://192.168.1.8:63177
2023-05-17 20:58:38.642 [org.springframework.jms.JmsListenerEndpointContainer#1-1] ERROR o.s.jms.listener.DefaultMessageListenerContainer - Could not refresh JMS Connection for destination 'topic2' - retrying using FixedBackOff{interval=5000, currentAttempts=9, maxAttempts=unlimited}. Cause: Broker: localhost - Client: A already connected from tcp://192.168.1.8:63177
2023-05-17 20:58:43.661 [org.springframework.jms.JmsListenerEndpointContainer#1-1] ERROR o.s.jms.listener.DefaultMessageListenerContainer - Could not refresh JMS Connection for destination 'topic2' - retrying using FixedBackOff{interval=5000, currentAttempts=10, maxAttempts=unlimited}. Cause: Broker: localhost - Client: A already connected from tcp://192.168.1.8:63177
2023-05-17 20:58:48.674 [org.springframework.jms.JmsListenerEndpointContainer#1-1] ERROR o.s.jms.listener.DefaultMessageListenerContainer - Could not refresh JMS Connection for destination 'topic2' - retrying using FixedBackOff{interval=5000, currentAttempts=11, maxAttempts=unlimited}. Cause: Broker: localhost - Client: A already connected from tcp://192.168.1.8:63177
2023-05-17 20:58:53.682 [org.springframework.jms.JmsListenerEndpointContainer#1-1] ERROR o.s.jms.listener.DefaultMessageListenerContainer - Could not refresh JMS Connection for destination 'topic2' - retrying using FixedBackOff{interval=5000, currentAttempts=12, maxAttempts=unlimited}. Cause: Broker: localhost - Client: A already connected from tcp://192.168.1.8:63177
2023-05-17 20:58:58.704 [org.springframework.jms.JmsListenerEndpointContainer#1-1] ERROR o.s.jms.listener.DefaultMessageListenerContainer - Could not refresh JMS Connection for destination 'topic2' - retrying using FixedBackOff{interval=5000, currentAttempts=13, maxAttempts=unlimited}. Cause: Broker: localhost - Client: A already connected from tcp://192.168.1.8:63177
2023-05-17 20:59:03.731 [org.springframework.jms.JmsListenerEndpointContainer#1-1] ERROR o.s.jms.listener.DefaultMessageListenerContainer - Could not refresh JMS Connection for destination 'topic2' - retrying using FixedBackOff{interval=5000, currentAttempts=14, maxAttempts=unlimited}. Cause: Broker: localhost - Client: A already connected from tcp://192.168.1.8:63177
2023-05-17 20:59:08.748 [org.springframework.jms.JmsListenerEndpointContainer#1-1] ERROR o.s.jms.listener.DefaultMessageListenerContainer - Could not refresh JMS Connection for destination 'topic2' - retrying using FixedBackOff{interval=5000, currentAttempts=15, maxAttempts=unlimited}. Cause: Broker: localhost - Client: A already connected from tcp://192.168.1.8:63177
2023-05-17 20:59:13.763 [org.springframework.jms.JmsListenerEndpointContainer#1-1] ERROR o.s.jms.listener.DefaultMessageListenerContainer - Could not refresh JMS Connection for destination 'topic2' - retrying using FixedBackOff{interval=5000, currentAttempts=16, maxAttempts=unlimited}. Cause: Broker: localhost - Client: A already connected from tcp://192.168.1.8:63177
2023-05-17 20:59:18.783 [org.springframework.jms.JmsListenerEndpointContainer#1-1] ERROR o.s.jms.listener.DefaultMessageListenerContainer - Could not refresh JMS Connection for destination 'topic2' - retrying using FixedBackOff{interval=5000, currentAttempts=17, maxAttempts=unlimited}. Cause: Broker: localhost - Client: A already connected from tcp://192.168.1.8:63177
2023-05-17 20:59:23.790 [org.springframework.jms.JmsListenerEndpointContainer#1-1] ERROR o.s.jms.listener.DefaultMessageListenerContainer - Could not refresh JMS Connection for destination 'topic2' - retrying using FixedBackOff{interval=5000, currentAttempts=18, maxAttempts=unlimited}. Cause: Broker: localhost - Client: A already connected from tcp://192.168.1.8:63177
2023-05-17 20:59:28.794 [org.springframework.jms.JmsListenerEndpointContainer#1-1] ERROR o.s.jms.listener.DefaultMessageListenerContainer - Could not refresh JMS Connection for destination 'topic2' - retrying using FixedBackOff{interval=5000, currentAttempts=19, maxAttempts=unlimited}. Cause: Broker: localhost - Client: A already connected from tcp://192.168.1.8:63177
2023-05-17 20:59:33.806 [org.springframework.jms.JmsListenerEndpointContainer#1-1] ERROR o.s.jms.listener.DefaultMessageListenerContainer - Could not refresh JMS Connection for destination 'topic2' - retrying using FixedBackOff{interval=5000, currentAttempts=20, maxAttempts=unlimited}. Cause: Broker: localhost - Client: A already connected from tcp://192.168.1.8:63177
2023-05-17 20:59:38.825 [org.springframework.jms.JmsListenerEndpointContainer#1-1] ERROR o.s.jms.listener.DefaultMessageListenerContainer - Could not refresh JMS Connection for destination 'topic2' - retrying using FixedBackOff{interval=5000, currentAttempts=21, maxAttempts=unlimited}. Cause: Broker: localhost - Client: A already connected from tcp://192.168.1.8:63177
2023-05-17 20:59:43.859 [org.springframework.jms.JmsListenerEndpointContainer#1-1] ERROR o.s.jms.listener.DefaultMessageListenerContainer - Could not refresh JMS Connection for destination 'topic2' - retrying using FixedBackOff{interval=5000, currentAttempts=22, maxAttempts=unlimited}. Cause: Broker: localhost - Client: A already connected from tcp://192.168.1.8:63177
2023-05-17 20:59:48.874 [org.springframework.jms.JmsListenerEndpointContainer#1-1] ERROR o.s.jms.listener.DefaultMessageListenerContainer - Could not refresh JMS Connection for destination 'topic2' - retrying using FixedBackOff{interval=5000, currentAttempts=23, maxAttempts=unlimited}. Cause: Broker: localhost - Client: A already connected from tcp://192.168.1.8:63177
2023-05-17 20:59:53.876 [org.springframework.jms.JmsListenerEndpointContainer#1-1] ERROR o.s.jms.listener.DefaultMessageListenerContainer - Could not refresh JMS Connection for destination 'topic2' - retrying using FixedBackOff{interval=5000, currentAttempts=24, maxAttempts=unlimited}. Cause: Broker: localhost - Client: A already connected from tcp://192.168.1.8:63177
2023-05-17 20:59:58.907 [org.springframework.jms.JmsListenerEndpointContainer#1-1] ERROR o.s.jms.listener.DefaultMessageListenerContainer - Could not refresh JMS Connection for destination 'topic2' - retrying using FixedBackOff{interval=5000, currentAttempts=25, maxAttempts=unlimited}. Cause: Broker: localhost - Client: A already connected from tcp://192.168.1.8:63177
2023-05-17 21:00:03.914 [org.springframework.jms.JmsListenerEndpointContainer#1-1] ERROR o.s.jms.listener.DefaultMessageListenerContainer - Could not refresh JMS Connection for destination 'topic2' - retrying using FixedBackOff{interval=5000, currentAttempts=26, maxAttempts=unlimited}. Cause: Broker: localhost - Client: A already connected from tcp://192.168.1.8:63177
2023-05-17 21:00:08.934 [org.springframework.jms.JmsListenerEndpointContainer#1-1] ERROR o.s.jms.listener.DefaultMessageListenerContainer - Could not refresh JMS Connection for destination 'topic2' - retrying using FixedBackOff{interval=5000, currentAttempts=27, maxAttempts=unlimited}. Cause: Broker: localhost - Client: A already connected from tcp://192.168.1.8:63177
2023-05-17 21:00:13.949 [org.springframework.jms.JmsListenerEndpointContainer#1-1] ERROR o.s.jms.listener.DefaultMessageListenerContainer - Could not refresh JMS Connection for destination 'topic2' - retrying using FixedBackOff{interval=5000, currentAttempts=28, maxAttempts=unlimited}. Cause: Broker: localhost - Client: A already connected from tcp://192.168.1.8:63177
2023-05-17 21:00:18.967 [org.springframework.jms.JmsListenerEndpointContainer#1-1] ERROR o.s.jms.listener.DefaultMessageListenerContainer - Could not refresh JMS Connection for destination 'topic2' - retrying using FixedBackOff{interval=5000, currentAttempts=29, maxAttempts=unlimited}. Cause: Broker: localhost - Client: A already connected from tcp://192.168.1.8:63177
2023-05-17 21:00:23.971 [org.springframework.jms.JmsListenerEndpointContainer#1-1] ERROR o.s.jms.listener.DefaultMessageListenerContainer - Could not refresh JMS Connection for destination 'topic2' - retrying using FixedBackOff{interval=5000, currentAttempts=30, maxAttempts=unlimited}. Cause: Broker: localhost - Client: A already connected from tcp://192.168.1.8:63177
2023-05-17 21:00:28.991 [org.springframework.jms.JmsListenerEndpointContainer#1-1] ERROR o.s.jms.listener.DefaultMessageListenerContainer - Could not refresh JMS Connection for destination 'topic2' - retrying using FixedBackOff{interval=5000, currentAttempts=31, maxAttempts=unlimited}. Cause: Broker: localhost - Client: A already connected from tcp://192.168.1.8:63177
2023-05-17 21:00:34.011 [org.springframework.jms.JmsListenerEndpointContainer#1-1] ERROR o.s.jms.listener.DefaultMessageListenerContainer - Could not refresh JMS Connection for destination 'topic2' - retrying using FixedBackOff{interval=5000, currentAttempts=32, maxAttempts=unlimited}. Cause: Broker: localhost - Client: A already connected from tcp://192.168.1.8:63177
2023-05-17 21:00:39.032 [org.springframework.jms.JmsListenerEndpointContainer#1-1] ERROR o.s.jms.listener.DefaultMessageListenerContainer - Could not refresh JMS Connection for destination 'topic2' - retrying using FixedBackOff{interval=5000, currentAttempts=33, maxAttempts=unlimited}. Cause: Broker: localhost - Client: A already connected from tcp://192.168.1.8:63177
2023-05-17 21:00:44.045 [org.springframework.jms.JmsListenerEndpointContainer#1-1] ERROR o.s.jms.listener.DefaultMessageListenerContainer - Could not refresh JMS Connection for destination 'topic2' - retrying using FixedBackOff{interval=5000, currentAttempts=34, maxAttempts=unlimited}. Cause: Broker: localhost - Client: A already connected from tcp://192.168.1.8:63177
2023-05-17 21:00:49.068 [org.springframework.jms.JmsListenerEndpointContainer#1-1] ERROR o.s.jms.listener.DefaultMessageListenerContainer - Could not refresh JMS Connection for destination 'topic2' - retrying using FixedBackOff{interval=5000, currentAttempts=35, maxAttempts=unlimited}. Cause: Broker: localhost - Client: A already connected from tcp://192.168.1.8:63177
2023-05-17 21:00:54.092 [org.springframework.jms.JmsListenerEndpointContainer#1-1] ERROR o.s.jms.listener.DefaultMessageListenerContainer - Could not refresh JMS Connection for destination 'topic2' - retrying using FixedBackOff{interval=5000, currentAttempts=36, maxAttempts=unlimited}. Cause: Broker: localhost - Client: A already connected from tcp://192.168.1.8:63177
2023-05-17 21:00:59.105 [org.springframework.jms.JmsListenerEndpointContainer#1-1] ERROR o.s.jms.listener.DefaultMessageListenerContainer - Could not refresh JMS Connection for destination 'topic2' - retrying using FixedBackOff{interval=5000, currentAttempts=37, maxAttempts=unlimited}. Cause: Broker: localhost - Client: A already connected from tcp://192.168.1.8:63177
2023-05-17 21:01:04.117 [org.springframework.jms.JmsListenerEndpointContainer#1-1] ERROR o.s.jms.listener.DefaultMessageListenerContainer - Could not refresh JMS Connection for destination 'topic2' - retrying using FixedBackOff{interval=5000, currentAttempts=38, maxAttempts=unlimited}. Cause: Broker: localhost - Client: A already connected from tcp://192.168.1.8:63177
2023-05-17 21:01:09.143 [org.springframework.jms.JmsListenerEndpointContainer#1-1] ERROR o.s.jms.listener.DefaultMessageListenerContainer - Could not refresh JMS Connection for destination 'topic2' - retrying using FixedBackOff{interval=5000, currentAttempts=39, maxAttempts=unlimited}. Cause: Broker: localhost - Client: A already connected from tcp://192.168.1.8:63177
2023-05-17 21:01:14.155 [org.springframework.jms.JmsListenerEndpointContainer#1-1] ERROR o.s.jms.listener.DefaultMessageListenerContainer - Could not refresh JMS Connection for destination 'topic2' - retrying using FixedBackOff{interval=5000, currentAttempts=40, maxAttempts=unlimited}. Cause: Broker: localhost - Client: A already connected from tcp://192.168.1.8:63177
2023-05-17 21:01:19.157 [org.springframework.jms.JmsListenerEndpointContainer#1-1] ERROR o.s.jms.listener.DefaultMessageListenerContainer - Could not refresh JMS Connection for destination 'topic2' - retrying using FixedBackOff{interval=5000, currentAttempts=41, maxAttempts=unlimited}. Cause: Broker: localhost - Client: A already connected from tcp://192.168.1.8:63177
2023-05-17 21:01:24.163 [org.springframework.jms.JmsListenerEndpointContainer#1-1] ERROR o.s.jms.listener.DefaultMessageListenerContainer - Could not refresh JMS Connection for destination 'topic2' - retrying using FixedBackOff{interval=5000, currentAttempts=42, maxAttempts=unlimited}. Cause: Broker: localhost - Client: A already connected from tcp://192.168.1.8:63177
2023-05-17 21:01:29.167 [org.springframework.jms.JmsListenerEndpointContainer#1-1] ERROR o.s.jms.listener.DefaultMessageListenerContainer - Could not refresh JMS Connection for destination 'topic2' - retrying using FixedBackOff{interval=5000, currentAttempts=43, maxAttempts=unlimited}. Cause: Broker: localhost - Client: A already connected from tcp://192.168.1.8:63177
2023-05-17 21:01:34.171 [org.springframework.jms.JmsListenerEndpointContainer#1-1] ERROR o.s.jms.listener.DefaultMessageListenerContainer - Could not refresh JMS Connection for destination 'topic2' - retrying using FixedBackOff{interval=5000, currentAttempts=44, maxAttempts=unlimited}. Cause: Broker: localhost - Client: A already connected from tcp://192.168.1.8:63177
2023-05-17 21:01:39.180 [org.springframework.jms.JmsListenerEndpointContainer#1-1] ERROR o.s.jms.listener.DefaultMessageListenerContainer - Could not refresh JMS Connection for destination 'topic2' - retrying using FixedBackOff{interval=5000, currentAttempts=45, maxAttempts=unlimited}. Cause: Broker: localhost - Client: A already connected from tcp://192.168.1.8:63177
2023-05-17 21:01:44.200 [org.springframework.jms.JmsListenerEndpointContainer#1-1] ERROR o.s.jms.listener.DefaultMessageListenerContainer - Could not refresh JMS Connection for destination 'topic2' - retrying using FixedBackOff{interval=5000, currentAttempts=46, maxAttempts=unlimited}. Cause: Broker: localhost - Client: A already connected from tcp://192.168.1.8:63177
2023-05-17 21:01:49.200 [org.springframework.jms.JmsListenerEndpointContainer#1-1] ERROR o.s.jms.listener.DefaultMessageListenerContainer - Could not refresh JMS Connection for destination 'topic2' - retrying using FixedBackOff{interval=5000, currentAttempts=47, maxAttempts=unlimited}. Cause: Broker: localhost - Client: A already connected from tcp://192.168.1.8:63177
2023-05-17 21:02:37.092 [org.springframework.jms.JmsListenerEndpointContainer#1-1] ERROR o.s.jms.listener.DefaultMessageListenerContainer - Could not refresh JMS Connection for destination 'topic1' - retrying using FixedBackOff{interval=5000, currentAttempts=0, maxAttempts=unlimited}. Cause: Broker: localhost - Client: dingli already connected from tcp://192.168.1.8:64748
2023-05-17 21:02:42.121 [org.springframework.jms.JmsListenerEndpointContainer#1-1] ERROR o.s.jms.listener.DefaultMessageListenerContainer - Could not refresh JMS Connection for destination 'topic1' - retrying using FixedBackOff{interval=5000, currentAttempts=1, maxAttempts=unlimited}. Cause: Broker: localhost - Client: dingli already connected from tcp://192.168.1.8:64748
2023-05-17 21:02:47.133 [org.springframework.jms.JmsListenerEndpointContainer#1-1] ERROR o.s.jms.listener.DefaultMessageListenerContainer - Could not refresh JMS Connection for destination 'topic1' - retrying using FixedBackOff{interval=5000, currentAttempts=2, maxAttempts=unlimited}. Cause: Broker: localhost - Client: dingli already connected from tcp://192.168.1.8:64748
2023-05-17 21:02:52.143 [org.springframework.jms.JmsListenerEndpointContainer#1-1] ERROR o.s.jms.listener.DefaultMessageListenerContainer - Could not refresh JMS Connection for destination 'topic1' - retrying using FixedBackOff{interval=5000, currentAttempts=3, maxAttempts=unlimited}. Cause: Broker: localhost - Client: dingli already connected from tcp://192.168.1.8:64748
2023-05-17 21:02:57.156 [org.springframework.jms.JmsListenerEndpointContainer#1-1] ERROR o.s.jms.listener.DefaultMessageListenerContainer - Could not refresh JMS Connection for destination 'topic1' - retrying using FixedBackOff{interval=5000, currentAttempts=4, maxAttempts=unlimited}. Cause: Broker: localhost - Client: dingli already connected from tcp://192.168.1.8:64748
2023-05-17 21:03:02.167 [org.springframework.jms.JmsListenerEndpointContainer#1-1] ERROR o.s.jms.listener.DefaultMessageListenerContainer - Could not refresh JMS Connection for destination 'topic1' - retrying using FixedBackOff{interval=5000, currentAttempts=5, maxAttempts=unlimited}. Cause: Broker: localhost - Client: dingli already connected from tcp://192.168.1.8:64748
2023-05-17 21:03:07.187 [org.springframework.jms.JmsListenerEndpointContainer#1-1] ERROR o.s.jms.listener.DefaultMessageListenerContainer - Could not refresh JMS Connection for destination 'topic1' - retrying using FixedBackOff{interval=5000, currentAttempts=6, maxAttempts=unlimited}. Cause: Broker: localhost - Client: dingli already connected from tcp://192.168.1.8:64748
2023-05-17 21:03:46.520 [org.springframework.jms.JmsListenerEndpointContainer#0-1] ERROR o.s.jms.listener.DefaultMessageListenerContainer - Could not refresh JMS Connection for destination 'topic1' - retrying using FixedBackOff{interval=5000, currentAttempts=0, maxAttempts=unlimited}. Cause: Broker: localhost - Client: dingli already connected from tcp://192.168.1.8:65007
2023-05-17 21:03:51.529 [org.springframework.jms.JmsListenerEndpointContainer#0-1] ERROR o.s.jms.listener.DefaultMessageListenerContainer - Could not refresh JMS Connection for destination 'topic1' - retrying using FixedBackOff{interval=5000, currentAttempts=1, maxAttempts=unlimited}. Cause: Broker: localhost - Client: dingli already connected from tcp://192.168.1.8:65007
2023-05-17 21:04:43.942 [org.springframework.jms.JmsListenerEndpointContainer#2-1] ERROR o.s.jms.listener.DefaultMessageListenerContainer - Could not refresh JMS Connection for destination 'topic2' - retrying using FixedBackOff{interval=5000, currentAttempts=0, maxAttempts=unlimited}. Cause: Broker: localhost - Client: dingli already connected from tcp://192.168.1.8:65114
2023-05-17 21:04:48.956 [org.springframework.jms.JmsListenerEndpointContainer#2-1] ERROR o.s.jms.listener.DefaultMessageListenerContainer - Could not refresh JMS Connection for destination 'topic2' - retrying using FixedBackOff{interval=5000, currentAttempts=1, maxAttempts=unlimited}. Cause: Broker: localhost - Client: dingli already connected from tcp://192.168.1.8:65114
2023-05-17 21:04:53.966 [org.springframework.jms.JmsListenerEndpointContainer#2-1] ERROR o.s.jms.listener.DefaultMessageListenerContainer - Could not refresh JMS Connection for destination 'topic2' - retrying using FixedBackOff{interval=5000, currentAttempts=2, maxAttempts=unlimited}. Cause: Broker: localhost - Client: dingli already connected from tcp://192.168.1.8:65114
2023-05-17 21:04:58.970 [org.springframework.jms.JmsListenerEndpointContainer#2-1] ERROR o.s.jms.listener.DefaultMessageListenerContainer - Could not refresh JMS Connection for destination 'topic2' - retrying using FixedBackOff{interval=5000, currentAttempts=3, maxAttempts=unlimited}. Cause: Broker: localhost - Client: dingli already connected from tcp://192.168.1.8:65114
